{"/Users/maxcm/Desktop/React/Valeria Montero/project-market/src/App.tsx": {"path":"/Users/maxcm/Desktop/React/Valeria Montero/project-market/src/App.tsx","statementMap":{"0":{"start":{"line":2,"column":0},"end":{"line":2,"column":26}},"1":{"start":{"line":3,"column":0},"end":{"line":3,"column":49}},"2":{"start":{"line":4,"column":0},"end":{"line":4,"column":47}},"3":{"start":{"line":5,"column":0},"end":{"line":5,"column":37}},"4":{"start":{"line":6,"column":0},"end":{"line":6,"column":37}},"5":{"start":{"line":7,"column":0},"end":{"line":7,"column":40}},"6":{"start":{"line":8,"column":0},"end":{"line":8,"column":52}},"7":{"start":{"line":9,"column":0},"end":{"line":9,"column":50}},"8":{"start":{"line":10,"column":0},"end":{"line":10,"column":20}},"9":{"start":{"line":11,"column":0},"end":{"line":11,"column":35}},"10":{"start":{"line":12,"column":0},"end":{"line":12,"column":37}},"11":{"start":{"line":13,"column":0},"end":{"line":13,"column":43}},"12":{"start":{"line":14,"column":0},"end":{"line":14,"column":48}},"13":{"start":{"line":15,"column":0},"end":{"line":15,"column":40}},"14":{"start":{"line":16,"column":0},"end":{"line":16,"column":45}},"15":{"start":{"line":17,"column":0},"end":{"line":17,"column":44}},"16":{"start":{"line":18,"column":0},"end":{"line":18,"column":35}},"17":{"start":{"line":24,"column":16},"end":{"line":46,"column":1}},"18":{"start":{"line":27,"column":2},"end":{"line":45,"column":4}},"19":{"start":{"line":48,"column":0},"end":{"line":48,"column":19}}},"fnMap":{"0":{"name":"(anonymous_1)","decl":{"start":{"line":24,"column":16},"end":{"line":24,"column":19}},"loc":{"start":{"line":24,"column":21},"end":{"line":46,"column":1}}}},"branchMap":{},"s":{"0":1,"1":1,"2":1,"3":1,"4":0,"5":0,"6":0,"7":0,"8":0,"9":0,"10":0,"11":0,"12":0,"13":0,"14":0,"15":0,"16":0,"17":0,"18":0,"19":0},"f":{"0":0},"b":{}}
,"/Users/maxcm/Desktop/React/Valeria Montero/project-market/src/main.tsx": {"path":"/Users/maxcm/Desktop/React/Valeria Montero/project-market/src/main.tsx","statementMap":{"0":{"start":{"line":1,"column":0},"end":{"line":1,"column":35}},"1":{"start":{"line":2,"column":0},"end":{"line":2,"column":26}},"2":{"start":{"line":3,"column":0},"end":{"line":3,"column":46}},"3":{"start":{"line":4,"column":0},"end":{"line":4,"column":50}},"4":{"start":{"line":5,"column":0},"end":{"line":5,"column":52}},"5":{"start":{"line":6,"column":0},"end":{"line":6,"column":21}},"6":{"start":{"line":7,"column":0},"end":{"line":7,"column":24}},"7":{"start":{"line":11,"column":0},"end":{"line":21,"column":2}}},"fnMap":{},"branchMap":{},"s":{"0":1,"1":1,"2":1,"3":1,"4":1,"5":1,"6":1,"7":0},"f":{},"b":{}}
,"/Users/maxcm/Desktop/React/Valeria Montero/project-market/src/module-routes.ts": {"path":"/Users/maxcm/Desktop/React/Valeria Montero/project-market/src/module-routes.ts","statementMap":{"0":{"start":{"line":1,"column":0},"end":{"line":1,"column":null}},"1":{"start":{"line":2,"column":4},"end":{"line":2,"column":null}},"2":{"start":{"line":3,"column":4},"end":{"line":3,"column":null}},"3":{"start":{"line":4,"column":4},"end":{"line":4,"column":null}}},"fnMap":{"0":{"name":"(anonymous_0)","decl":{"start":{"line":1,"column":0},"end":{"line":1,"column":12}},"loc":{"start":{"line":1,"column":24},"end":{"line":6,"column":1}}}},"branchMap":{"0":{"loc":{"start":{"line":1,"column":12},"end":{"line":1,"column":null}},"type":"binary-expr","locations":[{"start":{"line":1,"column":12},"end":{"line":1,"column":24}},{"start":{"line":1,"column":24},"end":{"line":1,"column":null}}]}},"s":{"0":1,"1":1,"2":1,"3":1},"f":{"0":1},"b":{"0":[1,1]}}
,"/Users/maxcm/Desktop/React/Valeria Montero/project-market/src/Hoc/ProtectedRoute.tsx": {"path":"/Users/maxcm/Desktop/React/Valeria Montero/project-market/src/Hoc/ProtectedRoute.tsx","statementMap":{"0":{"start":{"line":1,"column":0},"end":{"line":1,"column":53}},"1":{"start":{"line":2,"column":0},"end":{"line":2,"column":26}},"2":{"start":{"line":3,"column":0},"end":{"line":3,"column":44}},"3":{"start":{"line":9,"column":54},"end":{"line":17,"column":1}},"4":{"start":{"line":10,"column":32},"end":{"line":10,"column":46}},"5":{"start":{"line":11,"column":4},"end":{"line":14,"column":5}},"6":{"start":{"line":13,"column":8},"end":{"line":13,"column":35}},"7":{"start":{"line":16,"column":4},"end":{"line":16,"column":27}},"8":{"start":{"line":19,"column":0},"end":{"line":19,"column":30}}},"fnMap":{"0":{"name":"(anonymous_1)","decl":{"start":{"line":9,"column":54},"end":{"line":9,"column":55}},"loc":{"start":{"line":9,"column":71},"end":{"line":17,"column":1}}}},"branchMap":{"0":{"loc":{"start":{"line":11,"column":4},"end":{"line":14,"column":5}},"type":"if","locations":[{"start":{"line":11,"column":4},"end":{"line":14,"column":5}}]}},"s":{"0":0,"1":0,"2":0,"3":0,"4":0,"5":0,"6":0,"7":0,"8":0},"f":{"0":0},"b":{"0":[0]}}
,"/Users/maxcm/Desktop/React/Valeria Montero/project-market/src/Pages/Cart/Cart.tsx": {"path":"/Users/maxcm/Desktop/React/Valeria Montero/project-market/src/Pages/Cart/Cart.tsx","statementMap":{"0":{"start":{"line":1,"column":0},"end":{"line":1,"column":51}},"1":{"start":{"line":2,"column":0},"end":{"line":2,"column":49}},"2":{"start":{"line":3,"column":0},"end":{"line":3,"column":51}},"3":{"start":{"line":4,"column":0},"end":{"line":4,"column":46}},"4":{"start":{"line":5,"column":0},"end":{"line":5,"column":50}},"5":{"start":{"line":6,"column":0},"end":{"line":6,"column":26}},"6":{"start":{"line":11,"column":17},"end":{"line":60,"column":1}},"7":{"start":{"line":12,"column":24},"end":{"line":12,"column":37}},"8":{"start":{"line":13,"column":87},"end":{"line":13,"column":96}},"9":{"start":{"line":15,"column":2},"end":{"line":58,"column":null}},"10":{"start":{"line":28,"column":14},"end":{"line":49,"column":null}},"11":{"start":{"line":36,"column":39},"end":{"line":36,"column":68}},"12":{"start":{"line":40,"column":39},"end":{"line":40,"column":68}},"13":{"start":{"line":46,"column":80},"end":{"line":46,"column":106}},"14":{"start":{"line":62,"column":0},"end":{"line":62,"column":null}}},"fnMap":{"0":{"name":"(anonymous_1)","decl":{"start":{"line":11,"column":17},"end":{"line":11,"column":18}},"loc":{"start":{"line":11,"column":24},"end":{"line":60,"column":1}}},"1":{"name":"(anonymous_2)","decl":{"start":{"line":27,"column":22},"end":{"line":27,"column":23}},"loc":{"start":{"line":28,"column":14},"end":{"line":49,"column":null}}},"2":{"name":"(anonymous_3)","decl":{"start":{"line":36,"column":33},"end":{"line":36,"column":36}},"loc":{"start":{"line":36,"column":39},"end":{"line":36,"column":68}}},"3":{"name":"(anonymous_4)","decl":{"start":{"line":40,"column":33},"end":{"line":40,"column":36}},"loc":{"start":{"line":40,"column":39},"end":{"line":40,"column":68}}},"4":{"name":"(anonymous_5)","decl":{"start":{"line":46,"column":74},"end":{"line":46,"column":77}},"loc":{"start":{"line":46,"column":80},"end":{"line":46,"column":106}}}},"branchMap":{"0":{"loc":{"start":{"line":33,"column":45},"end":{"line":33,"column":122}},"type":"cond-expr","locations":[{"start":{"line":33,"column":89},"end":{"line":33,"column":105}},{"start":{"line":33,"column":108},"end":{"line":33,"column":122}}]}},"s":{"0":1,"1":1,"2":1,"3":0,"4":0,"5":0,"6":0,"7":0,"8":0,"9":0,"10":0,"11":0,"12":0,"13":0,"14":0},"f":{"0":0,"1":0,"2":0,"3":0,"4":0},"b":{"0":[0,0]}}
,"/Users/maxcm/Desktop/React/Valeria Montero/project-market/src/Pages/Cart/components/FooterCart.tsx": {"path":"/Users/maxcm/Desktop/React/Valeria Montero/project-market/src/Pages/Cart/components/FooterCart.tsx","statementMap":{"0":{"start":{"line":1,"column":0},"end":{"line":1,"column":34}},"1":{"start":{"line":2,"column":0},"end":{"line":2,"column":58}},"2":{"start":{"line":3,"column":0},"end":{"line":3,"column":61}},"3":{"start":{"line":4,"column":0},"end":{"line":4,"column":49}},"4":{"start":{"line":5,"column":0},"end":{"line":5,"column":47}},"5":{"start":{"line":6,"column":0},"end":{"line":6,"column":26}},"6":{"start":{"line":8,"column":0},"end":{"line":8,"column":54}},"7":{"start":{"line":9,"column":0},"end":{"line":9,"column":30}},"8":{"start":{"line":14,"column":29},"end":{"line":118,"column":1}},"9":{"start":{"line":17,"column":52},"end":{"line":17,"column":67}},"10":{"start":{"line":18,"column":23},"end":{"line":18,"column":36}},"11":{"start":{"line":19,"column":77},"end":{"line":19,"column":94}},"12":{"start":{"line":20,"column":46},"end":{"line":20,"column":55}},"13":{"start":{"line":21,"column":21},"end":{"line":21,"column":34}},"14":{"start":{"line":23,"column":25},"end":{"line":38,"column":5}},"15":{"start":{"line":24,"column":8},"end":{"line":24,"column":27}},"16":{"start":{"line":26,"column":8},"end":{"line":37,"column":9}},"17":{"start":{"line":27,"column":12},"end":{"line":32,"column":17}},"18":{"start":{"line":33,"column":12},"end":{"line":33,"column":34}},"19":{"start":{"line":34,"column":12},"end":{"line":34,"column":24}},"20":{"start":{"line":35,"column":12},"end":{"line":35,"column":29}},"21":{"start":{"line":36,"column":12},"end":{"line":36,"column":40}},"22":{"start":{"line":40,"column":32},"end":{"line":42,"column":5}},"23":{"start":{"line":41,"column":8},"end":{"line":41,"column":45}},"24":{"start":{"line":41,"column":38},"end":{"line":41,"column":43}},"25":{"start":{"line":44,"column":4},"end":{"line":117,"column":6}},"26":{"start":{"line":73,"column":49},"end":{"line":73,"column":97}},"27":{"start":{"line":81,"column":49},"end":{"line":81,"column":97}},"28":{"start":{"line":89,"column":49},"end":{"line":89,"column":97}},"29":{"start":{"line":92,"column":36},"end":{"line":93,"column":null}},"30":{"start":{"line":104,"column":49},"end":{"line":104,"column":97}},"31":{"start":{"line":109,"column":84},"end":{"line":109,"column":110}},"32":{"start":{"line":120,"column":0},"end":{"line":120,"column":26}}},"fnMap":{"0":{"name":"(anonymous_1)","decl":{"start":{"line":14,"column":29},"end":{"line":14,"column":32}},"loc":{"start":{"line":14,"column":34},"end":{"line":118,"column":1}}},"1":{"name":"(anonymous_2)","decl":{"start":{"line":23,"column":25},"end":{"line":23,"column":26}},"loc":{"start":{"line":23,"column":48},"end":{"line":38,"column":5}}},"2":{"name":"(anonymous_3)","decl":{"start":{"line":40,"column":32},"end":{"line":40,"column":35}},"loc":{"start":{"line":40,"column":37},"end":{"line":42,"column":5}}},"3":{"name":"(anonymous_4)","decl":{"start":{"line":41,"column":28},"end":{"line":41,"column":29}},"loc":{"start":{"line":41,"column":38},"end":{"line":41,"column":43}}},"4":{"name":"(anonymous_5)","decl":{"start":{"line":73,"column":42},"end":{"line":73,"column":43}},"loc":{"start":{"line":73,"column":49},"end":{"line":73,"column":97}}},"5":{"name":"(anonymous_6)","decl":{"start":{"line":81,"column":42},"end":{"line":81,"column":43}},"loc":{"start":{"line":81,"column":49},"end":{"line":81,"column":97}}},"6":{"name":"(anonymous_7)","decl":{"start":{"line":89,"column":42},"end":{"line":89,"column":43}},"loc":{"start":{"line":89,"column":49},"end":{"line":89,"column":97}}},"7":{"name":"(anonymous_8)","decl":{"start":{"line":91,"column":47},"end":{"line":91,"column":48}},"loc":{"start":{"line":92,"column":36},"end":{"line":93,"column":null}}},"8":{"name":"(anonymous_9)","decl":{"start":{"line":104,"column":42},"end":{"line":104,"column":43}},"loc":{"start":{"line":104,"column":49},"end":{"line":104,"column":97}}},"9":{"name":"(anonymous_10)","decl":{"start":{"line":109,"column":78},"end":{"line":109,"column":81}},"loc":{"start":{"line":109,"column":84},"end":{"line":109,"column":110}}}},"branchMap":{"0":{"loc":{"start":{"line":26,"column":8},"end":{"line":37,"column":9}},"type":"if","locations":[{"start":{"line":26,"column":8},"end":{"line":37,"column":9}}]},"1":{"loc":{"start":{"line":46,"column":13},"end":{"line":114,"column":null}},"type":"cond-expr","locations":[{"start":{"line":48,"column":16},"end":{"line":61,"column":null}},{"start":{"line":65,"column":16},"end":{"line":113,"column":null}}]},"2":{"loc":{"start":{"line":74,"column":29},"end":{"line":74,"column":101}},"type":"binary-expr","locations":[{"start":{"line":74,"column":29},"end":{"line":74,"column":44}},{"start":{"line":74,"column":48},"end":{"line":74,"column":101}}]},"3":{"loc":{"start":{"line":82,"column":29},"end":{"line":82,"column":97}},"type":"binary-expr","locations":[{"start":{"line":82,"column":29},"end":{"line":82,"column":42}},{"start":{"line":82,"column":46},"end":{"line":82,"column":97}}]},"4":{"loc":{"start":{"line":97,"column":29},"end":{"line":97,"column":101}},"type":"binary-expr","locations":[{"start":{"line":97,"column":29},"end":{"line":97,"column":44}},{"start":{"line":97,"column":48},"end":{"line":97,"column":101}}]},"5":{"loc":{"start":{"line":105,"column":29},"end":{"line":105,"column":95}},"type":"binary-expr","locations":[{"start":{"line":105,"column":29},"end":{"line":105,"column":41}},{"start":{"line":105,"column":45},"end":{"line":105,"column":95}}]}},"s":{"0":1,"1":1,"2":1,"3":1,"4":1,"5":1,"6":1,"7":1,"8":1,"9":0,"10":0,"11":0,"12":0,"13":0,"14":0,"15":0,"16":0,"17":0,"18":0,"19":0,"20":0,"21":0,"22":0,"23":0,"24":0,"25":0,"26":0,"27":0,"28":0,"29":0,"30":0,"31":0,"32":1},"f":{"0":0,"1":0,"2":0,"3":0,"4":0,"5":0,"6":0,"7":0,"8":0,"9":0},"b":{"0":[0],"1":[0,0],"2":[0,0],"3":[0,0],"4":[0,0],"5":[0,0]}}
,"/Users/maxcm/Desktop/React/Valeria Montero/project-market/src/Pages/Home/Home.tsx": {"path":"/Users/maxcm/Desktop/React/Valeria Montero/project-market/src/Pages/Home/Home.tsx","statementMap":{"0":{"start":{"line":2,"column":0},"end":{"line":2,"column":61}},"1":{"start":{"line":3,"column":0},"end":{"line":3,"column":52}},"2":{"start":{"line":4,"column":0},"end":{"line":4,"column":65}},"3":{"start":{"line":5,"column":0},"end":{"line":5,"column":69}},"4":{"start":{"line":6,"column":0},"end":{"line":6,"column":52}},"5":{"start":{"line":7,"column":0},"end":{"line":7,"column":50}},"6":{"start":{"line":8,"column":0},"end":{"line":8,"column":26}},"7":{"start":{"line":12,"column":17},"end":{"line":50,"column":1}},"8":{"start":{"line":22,"column":6},"end":{"line":22,"column":19}},"9":{"start":{"line":25,"column":2},"end":{"line":49,"column":4}},"10":{"start":{"line":52,"column":0},"end":{"line":52,"column":20}}},"fnMap":{"0":{"name":"(anonymous_1)","decl":{"start":{"line":12,"column":17},"end":{"line":12,"column":20}},"loc":{"start":{"line":12,"column":22},"end":{"line":50,"column":1}}}},"branchMap":{"0":{"loc":{"start":{"line":41,"column":11},"end":{"line":41,"column":72}},"type":"cond-expr","locations":[{"start":{"line":41,"column":25},"end":{"line":41,"column":50}},{"start":{"line":41,"column":53},"end":{"line":41,"column":72}}]}},"s":{"0":0,"1":0,"2":0,"3":0,"4":0,"5":0,"6":0,"7":0,"8":0,"9":0,"10":0},"f":{"0":0},"b":{"0":[0,0]}}
,"/Users/maxcm/Desktop/React/Valeria Montero/project-market/src/Pages/Login/Login.tsx": {"path":"/Users/maxcm/Desktop/React/Valeria Montero/project-market/src/Pages/Login/Login.tsx","statementMap":{"0":{"start":{"line":1,"column":0},"end":{"line":1,"column":25}},"1":{"start":{"line":2,"column":0},"end":{"line":2,"column":51}},"2":{"start":{"line":3,"column":0},"end":{"line":3,"column":69}},"3":{"start":{"line":4,"column":0},"end":{"line":4,"column":32}},"4":{"start":{"line":5,"column":0},"end":{"line":5,"column":78}},"5":{"start":{"line":6,"column":0},"end":{"line":6,"column":64}},"6":{"start":{"line":7,"column":0},"end":{"line":7,"column":61}},"7":{"start":{"line":8,"column":0},"end":{"line":8,"column":41}},"8":{"start":{"line":9,"column":28},"end":{"line":64,"column":1}},"9":{"start":{"line":11,"column":45},"end":{"line":11,"column":59}},"10":{"start":{"line":12,"column":104},"end":{"line":12,"column":123}},"11":{"start":{"line":13,"column":36},"end":{"line":13,"column":51}},"12":{"start":{"line":15,"column":36},"end":{"line":17,"column":3}},"13":{"start":{"line":16,"column":4},"end":{"line":16,"column":23}},"14":{"start":{"line":19,"column":27},"end":{"line":21,"column":3}},"15":{"start":{"line":20,"column":4},"end":{"line":20,"column":24}},"16":{"start":{"line":23,"column":2},"end":{"line":23,"column":null}},"17":{"start":{"line":25,"column":2},"end":{"line":63,"column":null}},"18":{"start":{"line":69,"column":0},"end":{"line":69,"column":null}}},"fnMap":{"0":{"name":"(anonymous_1)","decl":{"start":{"line":9,"column":28},"end":{"line":9,"column":31}},"loc":{"start":{"line":9,"column":33},"end":{"line":64,"column":1}}},"1":{"name":"(anonymous_2)","decl":{"start":{"line":15,"column":36},"end":{"line":15,"column":39}},"loc":{"start":{"line":15,"column":41},"end":{"line":17,"column":3}}},"2":{"name":"(anonymous_3)","decl":{"start":{"line":19,"column":27},"end":{"line":19,"column":30}},"loc":{"start":{"line":19,"column":32},"end":{"line":21,"column":3}}}},"branchMap":{"0":{"loc":{"start":{"line":38,"column":11},"end":{"line":38,"column":85}},"type":"binary-expr","locations":[{"start":{"line":38,"column":11},"end":{"line":38,"column":26}},{"start":{"line":38,"column":30},"end":{"line":38,"column":85}}]},"1":{"loc":{"start":{"line":45,"column":11},"end":{"line":45,"column":85}},"type":"binary-expr","locations":[{"start":{"line":45,"column":11},"end":{"line":45,"column":26}},{"start":{"line":45,"column":30},"end":{"line":45,"column":85}}]},"2":{"loc":{"start":{"line":52,"column":7},"end":{"line":60,"column":null}},"type":"binary-expr","locations":[{"start":{"line":52,"column":7},"end":{"line":52,"column":16}},{"start":{"line":53,"column":8},"end":{"line":59,"column":null}}]}},"s":{"0":0,"1":0,"2":0,"3":0,"4":0,"5":0,"6":0,"7":0,"8":0,"9":0,"10":0,"11":0,"12":0,"13":0,"14":0,"15":0,"16":0,"17":0,"18":0},"f":{"0":0,"1":0,"2":0},"b":{"0":[0,0],"1":[0,0],"2":[0,0]}}
,"/Users/maxcm/Desktop/React/Valeria Montero/project-market/src/Pages/Login/modal/ModalPass.tsx": {"path":"/Users/maxcm/Desktop/React/Valeria Montero/project-market/src/Pages/Login/modal/ModalPass.tsx","statementMap":{"0":{"start":{"line":1,"column":0},"end":{"line":1,"column":25}},"1":{"start":{"line":4,"column":54},"end":{"line":36,"column":1}},"2":{"start":{"line":12,"column":2},"end":{"line":35,"column":4}},"3":{"start":{"line":38,"column":0},"end":{"line":38,"column":25}}},"fnMap":{"0":{"name":"(anonymous_1)","decl":{"start":{"line":4,"column":54},"end":{"line":4,"column":55}},"loc":{"start":{"line":11,"column":5},"end":{"line":36,"column":1}}}},"branchMap":{"0":{"loc":{"start":{"line":30,"column":9},"end":{"line":30,"column":55}},"type":"binary-expr","locations":[{"start":{"line":30,"column":9},"end":{"line":30,"column":14}},{"start":{"line":30,"column":18},"end":{"line":30,"column":55}}]},"1":{"loc":{"start":{"line":31,"column":9},"end":{"line":31,"column":75}},"type":"binary-expr","locations":[{"start":{"line":31,"column":9},"end":{"line":31,"column":23}},{"start":{"line":31,"column":27},"end":{"line":31,"column":75}}]}},"s":{"0":0,"1":0,"2":0,"3":0},"f":{"0":0},"b":{"0":[0,0],"1":[0,0]}}
,"/Users/maxcm/Desktop/React/Valeria Montero/project-market/src/components/card/ProductCard.tsx": {"path":"/Users/maxcm/Desktop/React/Valeria Montero/project-market/src/components/card/ProductCard.tsx","statementMap":{"0":{"start":{"line":1,"column":0},"end":{"line":1,"column":26}},"1":{"start":{"line":3,"column":0},"end":{"line":3,"column":50}},"2":{"start":{"line":4,"column":0},"end":{"line":4,"column":46}},"3":{"start":{"line":7,"column":44},"end":{"line":38,"column":1}},"4":{"start":{"line":8,"column":41},"end":{"line":8,"column":54}},"5":{"start":{"line":9,"column":24},"end":{"line":9,"column":33}},"6":{"start":{"line":13,"column":2},"end":{"line":37,"column":4}},"7":{"start":{"line":34,"column":55},"end":{"line":34,"column":73}},"8":{"start":{"line":40,"column":0},"end":{"line":40,"column":27}}},"fnMap":{"0":{"name":"(anonymous_1)","decl":{"start":{"line":7,"column":44},"end":{"line":7,"column":45}},"loc":{"start":{"line":7,"column":60},"end":{"line":38,"column":1}}},"1":{"name":"(anonymous_2)","decl":{"start":{"line":34,"column":49},"end":{"line":34,"column":52}},"loc":{"start":{"line":34,"column":55},"end":{"line":34,"column":73}}}},"branchMap":{"0":{"loc":{"start":{"line":16,"column":37},"end":{"line":16,"column":114}},"type":"cond-expr","locations":[{"start":{"line":16,"column":81},"end":{"line":16,"column":97}},{"start":{"line":16,"column":100},"end":{"line":16,"column":114}}]},"1":{"loc":{"start":{"line":20,"column":44},"end":{"line":20,"column":73}},"type":"cond-expr","locations":[{"start":{"line":20,"column":60},"end":{"line":20,"column":68}},{"start":{"line":20,"column":71},"end":{"line":20,"column":73}}]}},"s":{"0":0,"1":0,"2":0,"3":0,"4":0,"5":0,"6":0,"7":0,"8":0},"f":{"0":0,"1":0},"b":{"0":[0,0],"1":[0,0]}}
,"/Users/maxcm/Desktop/React/Valeria Montero/project-market/src/components/card/ProductsList.tsx": {"path":"/Users/maxcm/Desktop/React/Valeria Montero/project-market/src/components/card/ProductsList.tsx","statementMap":{"0":{"start":{"line":1,"column":0},"end":{"line":1,"column":26}},"1":{"start":{"line":2,"column":0},"end":{"line":2,"column":40}},"2":{"start":{"line":4,"column":0},"end":{"line":4,"column":50}},"3":{"start":{"line":10,"column":48},"end":{"line":29,"column":1}},"4":{"start":{"line":11,"column":26},"end":{"line":11,"column":39}},"5":{"start":{"line":15,"column":4},"end":{"line":28,"column":null}},"6":{"start":{"line":24,"column":20},"end":{"line":24,"column":70}},"7":{"start":{"line":31,"column":0},"end":{"line":31,"column":27}}},"fnMap":{"0":{"name":"(anonymous_1)","decl":{"start":{"line":10,"column":48},"end":{"line":10,"column":49}},"loc":{"start":{"line":10,"column":65},"end":{"line":29,"column":1}}},"1":{"name":"(anonymous_2)","decl":{"start":{"line":23,"column":29},"end":{"line":23,"column":30}},"loc":{"start":{"line":24,"column":20},"end":{"line":24,"column":70}}}},"branchMap":{"0":{"loc":{"start":{"line":18,"column":13},"end":{"line":25,"column":null}},"type":"cond-expr","locations":[{"start":{"line":19,"column":16},"end":{"line":20,"column":null}},{"start":{"line":23,"column":16},"end":{"line":25,"column":18}}]}},"s":{"0":0,"1":0,"2":0,"3":0,"4":0,"5":0,"6":0,"7":0},"f":{"0":0,"1":0},"b":{"0":[0,0]}}
,"/Users/maxcm/Desktop/React/Valeria Montero/project-market/src/components/filters/CategoryFilter.tsx": {"path":"/Users/maxcm/Desktop/React/Valeria Montero/project-market/src/components/filters/CategoryFilter.tsx","statementMap":{"0":{"start":{"line":2,"column":0},"end":{"line":2,"column":25}},"1":{"start":{"line":4,"column":54},"end":{"line":14,"column":1}},"2":{"start":{"line":6,"column":4},"end":{"line":13,"column":null}},"3":{"start":{"line":7,"column":60},"end":{"line":7,"column":92}},"4":{"start":{"line":16,"column":0},"end":{"line":16,"column":null}}},"fnMap":{"0":{"name":"(anonymous_1)","decl":{"start":{"line":4,"column":54},"end":{"line":4,"column":55}},"loc":{"start":{"line":4,"column":77},"end":{"line":14,"column":1}}},"1":{"name":"(anonymous_2)","decl":{"start":{"line":7,"column":53},"end":{"line":7,"column":54}},"loc":{"start":{"line":7,"column":60},"end":{"line":7,"column":92}}}},"branchMap":{},"s":{"0":0,"1":0,"2":0,"3":0,"4":0},"f":{"0":0,"1":0},"b":{}}
,"/Users/maxcm/Desktop/React/Valeria Montero/project-market/src/components/filters/SearchFilter.tsx": {"path":"/Users/maxcm/Desktop/React/Valeria Montero/project-market/src/components/filters/SearchFilter.tsx","statementMap":{"0":{"start":{"line":2,"column":0},"end":{"line":2,"column":26}},"1":{"start":{"line":5,"column":50},"end":{"line":19,"column":1}},"2":{"start":{"line":7,"column":25},"end":{"line":9,"column":7}},"3":{"start":{"line":8,"column":8},"end":{"line":8,"column":37}},"4":{"start":{"line":11,"column":4},"end":{"line":18,"column":null}},"5":{"start":{"line":22,"column":0},"end":{"line":22,"column":null}}},"fnMap":{"0":{"name":"(anonymous_1)","decl":{"start":{"line":5,"column":50},"end":{"line":5,"column":51}},"loc":{"start":{"line":5,"column":65},"end":{"line":19,"column":1}}},"1":{"name":"(anonymous_2)","decl":{"start":{"line":7,"column":25},"end":{"line":7,"column":26}},"loc":{"start":{"line":7,"column":72},"end":{"line":9,"column":7}}}},"branchMap":{},"s":{"0":0,"1":0,"2":0,"3":0,"4":0,"5":0},"f":{"0":0,"1":0},"b":{}}
,"/Users/maxcm/Desktop/React/Valeria Montero/project-market/src/components/footer/Footer.tsx": {"path":"/Users/maxcm/Desktop/React/Valeria Montero/project-market/src/components/footer/Footer.tsx","statementMap":{"0":{"start":{"line":1,"column":0},"end":{"line":1,"column":25}},"1":{"start":{"line":3,"column":29},"end":{"line":20,"column":1}},"2":{"start":{"line":4,"column":4},"end":{"line":19,"column":null}},"3":{"start":{"line":22,"column":0},"end":{"line":22,"column":null}}},"fnMap":{"0":{"name":"(anonymous_1)","decl":{"start":{"line":3,"column":29},"end":{"line":3,"column":30}},"loc":{"start":{"line":3,"column":37},"end":{"line":20,"column":1}}}},"branchMap":{},"s":{"0":1,"1":1,"2":0,"3":1},"f":{"0":0},"b":{}}
,"/Users/maxcm/Desktop/React/Valeria Montero/project-market/src/context/AuthActionsContext.tsx": {"path":"/Users/maxcm/Desktop/React/Valeria Montero/project-market/src/context/AuthActionsContext.tsx","statementMap":{"0":{"start":{"line":1,"column":0},"end":{"line":1,"column":38}},"1":{"start":{"line":5,"column":13},"end":{"line":8,"column":26}}},"fnMap":{},"branchMap":{},"s":{"0":1,"1":1},"f":{},"b":{}}
,"/Users/maxcm/Desktop/React/Valeria Montero/project-market/src/context/AuthContex.tsx": {"path":"/Users/maxcm/Desktop/React/Valeria Montero/project-market/src/context/AuthContex.tsx","statementMap":{"0":{"start":{"line":2,"column":0},"end":{"line":2,"column":70}},"1":{"start":{"line":3,"column":0},"end":{"line":3,"column":55}},"2":{"start":{"line":4,"column":0},"end":{"line":4,"column":54}},"3":{"start":{"line":5,"column":0},"end":{"line":5,"column":58}},"4":{"start":{"line":7,"column":0},"end":{"line":7,"column":26}},"5":{"start":{"line":10,"column":13},"end":{"line":10,"column":85}},"6":{"start":{"line":14,"column":57},"end":{"line":57,"column":1}},"7":{"start":{"line":15,"column":48},"end":{"line":15,"column":72}},"8":{"start":{"line":16,"column":34},"end":{"line":16,"column":63}},"9":{"start":{"line":19,"column":3},"end":{"line":27,"column":9}},"10":{"start":{"line":20,"column":18},"end":{"line":20,"column":47}},"11":{"start":{"line":21,"column":23},"end":{"line":21,"column":55}},"12":{"start":{"line":23,"column":4},"end":{"line":26,"column":5}},"13":{"start":{"line":24,"column":6},"end":{"line":24,"column":31}},"14":{"start":{"line":25,"column":6},"end":{"line":25,"column":30}},"15":{"start":{"line":29,"column":16},"end":{"line":41,"column":3}},"16":{"start":{"line":31,"column":21},"end":{"line":31,"column":59}},"17":{"start":{"line":32,"column":4},"end":{"line":40,"column":5}},"18":{"start":{"line":33,"column":6},"end":{"line":33,"column":52}},"19":{"start":{"line":34,"column":6},"end":{"line":34,"column":49}},"20":{"start":{"line":36,"column":6},"end":{"line":36,"column":31}},"21":{"start":{"line":37,"column":6},"end":{"line":37,"column":28}},"22":{"start":{"line":39,"column":6},"end":{"line":39,"column":48}},"23":{"start":{"line":43,"column":17},"end":{"line":48,"column":3}},"24":{"start":{"line":44,"column":4},"end":{"line":44,"column":37}},"25":{"start":{"line":45,"column":4},"end":{"line":45,"column":40}},"26":{"start":{"line":46,"column":4},"end":{"line":46,"column":30}},"27":{"start":{"line":47,"column":4},"end":{"line":47,"column":22}},"28":{"start":{"line":50,"column":2},"end":{"line":56,"column":4}},"29":{"start":{"line":14,"column":13},"end":{"line":14,"column":57}}},"fnMap":{"0":{"name":"(anonymous_1)","decl":{"start":{"line":14,"column":57},"end":{"line":14,"column":58}},"loc":{"start":{"line":14,"column":74},"end":{"line":57,"column":1}}},"1":{"name":"(anonymous_2)","decl":{"start":{"line":19,"column":13},"end":{"line":19,"column":16}},"loc":{"start":{"line":19,"column":18},"end":{"line":27,"column":3}}},"2":{"name":"(anonymous_3)","decl":{"start":{"line":29,"column":16},"end":{"line":29,"column":21}},"loc":{"start":{"line":29,"column":61},"end":{"line":41,"column":3}}},"3":{"name":"(anonymous_4)","decl":{"start":{"line":43,"column":17},"end":{"line":43,"column":20}},"loc":{"start":{"line":43,"column":22},"end":{"line":48,"column":3}}}},"branchMap":{"0":{"loc":{"start":{"line":23,"column":4},"end":{"line":26,"column":5}},"type":"if","locations":[{"start":{"line":23,"column":4},"end":{"line":26,"column":5}}]},"1":{"loc":{"start":{"line":23,"column":8},"end":{"line":23,"column":27}},"type":"binary-expr","locations":[{"start":{"line":23,"column":8},"end":{"line":23,"column":13}},{"start":{"line":23,"column":17},"end":{"line":23,"column":27}}]},"2":{"loc":{"start":{"line":32,"column":4},"end":{"line":40,"column":5}},"type":"if","locations":[{"start":{"line":32,"column":4},"end":{"line":40,"column":5}},{"start":{"line":38,"column":11},"end":{"line":40,"column":5}}]}},"s":{"0":1,"1":1,"2":1,"3":1,"4":1,"5":1,"6":1,"7":0,"8":0,"9":0,"10":0,"11":0,"12":0,"13":0,"14":0,"15":0,"16":0,"17":0,"18":0,"19":0,"20":0,"21":0,"22":0,"23":0,"24":0,"25":0,"26":0,"27":0,"28":0,"29":1},"f":{"0":0,"1":0,"2":0,"3":0},"b":{"0":[0],"1":[0,0],"2":[0,0]}}
,"/Users/maxcm/Desktop/React/Valeria Montero/project-market/src/context/AuthStateContext.tsx": {"path":"/Users/maxcm/Desktop/React/Valeria Montero/project-market/src/context/AuthStateContext.tsx","statementMap":{"0":{"start":{"line":2,"column":0},"end":{"line":2,"column":38}},"1":{"start":{"line":5,"column":13},"end":{"line":8,"column":26}}},"fnMap":{},"branchMap":{},"s":{"0":1,"1":1},"f":{},"b":{}}
,"/Users/maxcm/Desktop/React/Valeria Montero/project-market/src/context/CartContex.tsx": {"path":"/Users/maxcm/Desktop/React/Valeria Montero/project-market/src/context/CartContex.tsx","statementMap":{"0":{"start":{"line":1,"column":0},"end":{"line":1,"column":59}},"1":{"start":{"line":4,"column":0},"end":{"line":4,"column":26}},"2":{"start":{"line":8,"column":13},"end":{"line":8,"column":81}},"3":{"start":{"line":13,"column":28},"end":{"line":100,"column":1}},"4":{"start":{"line":14,"column":28},"end":{"line":14,"column":51}},"5":{"start":{"line":17,"column":4},"end":{"line":22,"column":11}},"6":{"start":{"line":18,"column":27},"end":{"line":18,"column":55}},"7":{"start":{"line":19,"column":8},"end":{"line":21,"column":9}},"8":{"start":{"line":20,"column":12},"end":{"line":20,"column":44}},"9":{"start":{"line":25,"column":4},"end":{"line":29,"column":15}},"10":{"start":{"line":26,"column":8},"end":{"line":28,"column":9}},"11":{"start":{"line":27,"column":12},"end":{"line":27,"column":63}},"12":{"start":{"line":31,"column":22},"end":{"line":46,"column":5}},"13":{"start":{"line":32,"column":35},"end":{"line":32,"column":81}},"14":{"start":{"line":32,"column":58},"end":{"line":32,"column":80}},"15":{"start":{"line":33,"column":8},"end":{"line":45,"column":9}},"16":{"start":{"line":34,"column":28},"end":{"line":34,"column":37}},"17":{"start":{"line":35,"column":12},"end":{"line":35,"column":null}},"18":{"start":{"line":36,"column":12},"end":{"line":36,"column":29}},"19":{"start":{"line":38,"column":12},"end":{"line":44,"column":16}},"20":{"start":{"line":38,"column":34},"end":{"line":44,"column":14}},"21":{"start":{"line":49,"column":30},"end":{"line":55,"column":5}},"22":{"start":{"line":50,"column":8},"end":{"line":54,"column":11}},"23":{"start":{"line":50,"column":28},"end":{"line":53,"column":null}},"24":{"start":{"line":51,"column":12},"end":{"line":53,"column":22}},"25":{"start":{"line":57,"column":30},"end":{"line":63,"column":5}},"26":{"start":{"line":58,"column":8},"end":{"line":62,"column":11}},"27":{"start":{"line":58,"column":28},"end":{"line":61,"column":null}},"28":{"start":{"line":59,"column":12},"end":{"line":61,"column":22}},"29":{"start":{"line":65,"column":27},"end":{"line":67,"column":5}},"30":{"start":{"line":66,"column":8},"end":{"line":66,"column":null}},"31":{"start":{"line":66,"column":28},"end":{"line":66,"column":74}},"32":{"start":{"line":66,"column":52},"end":{"line":66,"column":73}},"33":{"start":{"line":69,"column":26},"end":{"line":72,"column":5}},"34":{"start":{"line":70,"column":8},"end":{"line":70,"column":null}},"35":{"start":{"line":70,"column":42},"end":{"line":70,"column":74}},"36":{"start":{"line":73,"column":25},"end":{"line":75,"column":5}},"37":{"start":{"line":74,"column":8},"end":{"line":74,"column":66}},"38":{"start":{"line":74,"column":42},"end":{"line":74,"column":61}},"39":{"start":{"line":77,"column":27},"end":{"line":79,"column":5}},"40":{"start":{"line":78,"column":8},"end":{"line":78,"column":20}},"41":{"start":{"line":83,"column":4},"end":{"line":98,"column":null}},"42":{"start":{"line":13,"column":13},"end":{"line":13,"column":28}}},"fnMap":{"0":{"name":"(anonymous_1)","decl":{"start":{"line":13,"column":28},"end":{"line":13,"column":29}},"loc":{"start":{"line":13,"column":64},"end":{"line":100,"column":1}}},"1":{"name":"(anonymous_2)","decl":{"start":{"line":17,"column":14},"end":{"line":17,"column":17}},"loc":{"start":{"line":17,"column":19},"end":{"line":22,"column":5}}},"2":{"name":"(anonymous_3)","decl":{"start":{"line":25,"column":14},"end":{"line":25,"column":17}},"loc":{"start":{"line":25,"column":19},"end":{"line":29,"column":5}}},"3":{"name":"(anonymous_4)","decl":{"start":{"line":31,"column":22},"end":{"line":31,"column":23}},"loc":{"start":{"line":31,"column":43},"end":{"line":46,"column":5}}},"4":{"name":"(anonymous_5)","decl":{"start":{"line":32,"column":50},"end":{"line":32,"column":54}},"loc":{"start":{"line":32,"column":58},"end":{"line":32,"column":80}}},"5":{"name":"(anonymous_6)","decl":{"start":{"line":38,"column":20},"end":{"line":38,"column":29}},"loc":{"start":{"line":38,"column":34},"end":{"line":44,"column":14}}},"6":{"name":"(anonymous_7)","decl":{"start":{"line":49,"column":30},"end":{"line":49,"column":31}},"loc":{"start":{"line":49,"column":52},"end":{"line":55,"column":5}}},"7":{"name":"(anonymous_8)","decl":{"start":{"line":50,"column":16},"end":{"line":50,"column":24}},"loc":{"start":{"line":50,"column":28},"end":{"line":53,"column":null}}},"8":{"name":"(anonymous_9)","decl":{"start":{"line":50,"column":41},"end":{"line":50,"column":45}},"loc":{"start":{"line":51,"column":12},"end":{"line":53,"column":22}}},"9":{"name":"(anonymous_10)","decl":{"start":{"line":57,"column":30},"end":{"line":57,"column":31}},"loc":{"start":{"line":57,"column":52},"end":{"line":63,"column":5}}},"10":{"name":"(anonymous_11)","decl":{"start":{"line":58,"column":16},"end":{"line":58,"column":24}},"loc":{"start":{"line":58,"column":28},"end":{"line":61,"column":null}}},"11":{"name":"(anonymous_12)","decl":{"start":{"line":58,"column":41},"end":{"line":58,"column":45}},"loc":{"start":{"line":59,"column":12},"end":{"line":61,"column":22}}},"12":{"name":"(anonymous_13)","decl":{"start":{"line":65,"column":27},"end":{"line":65,"column":28}},"loc":{"start":{"line":65,"column":49},"end":{"line":67,"column":5}}},"13":{"name":"(anonymous_14)","decl":{"start":{"line":66,"column":16},"end":{"line":66,"column":24}},"loc":{"start":{"line":66,"column":28},"end":{"line":66,"column":74}}},"14":{"name":"(anonymous_15)","decl":{"start":{"line":66,"column":44},"end":{"line":66,"column":48}},"loc":{"start":{"line":66,"column":52},"end":{"line":66,"column":73}}},"15":{"name":"(anonymous_16)","decl":{"start":{"line":69,"column":26},"end":{"line":69,"column":29}},"loc":{"start":{"line":69,"column":31},"end":{"line":72,"column":5}}},"16":{"name":"(anonymous_17)","decl":{"start":{"line":70,"column":27},"end":{"line":70,"column":28}},"loc":{"start":{"line":70,"column":42},"end":{"line":70,"column":74}}},"17":{"name":"(anonymous_18)","decl":{"start":{"line":73,"column":25},"end":{"line":73,"column":28}},"loc":{"start":{"line":73,"column":30},"end":{"line":75,"column":5}}},"18":{"name":"(anonymous_19)","decl":{"start":{"line":74,"column":27},"end":{"line":74,"column":28}},"loc":{"start":{"line":74,"column":42},"end":{"line":74,"column":61}}},"19":{"name":"(anonymous_20)","decl":{"start":{"line":77,"column":27},"end":{"line":77,"column":30}},"loc":{"start":{"line":77,"column":32},"end":{"line":79,"column":5}}}},"branchMap":{"0":{"loc":{"start":{"line":19,"column":8},"end":{"line":21,"column":9}},"type":"if","locations":[{"start":{"line":19,"column":8},"end":{"line":21,"column":9}}]},"1":{"loc":{"start":{"line":26,"column":8},"end":{"line":28,"column":9}},"type":"if","locations":[{"start":{"line":26,"column":8},"end":{"line":28,"column":9}}]},"2":{"loc":{"start":{"line":33,"column":8},"end":{"line":45,"column":9}},"type":"if","locations":[{"start":{"line":33,"column":8},"end":{"line":45,"column":9}},{"start":{"line":37,"column":15},"end":{"line":45,"column":9}}]},"3":{"loc":{"start":{"line":51,"column":12},"end":{"line":53,"column":22}},"type":"cond-expr","locations":[{"start":{"line":52,"column":18},"end":{"line":52,"column":58}},{"start":{"line":53,"column":18},"end":{"line":53,"column":22}}]},"4":{"loc":{"start":{"line":59,"column":12},"end":{"line":61,"column":22}},"type":"cond-expr","locations":[{"start":{"line":60,"column":18},"end":{"line":60,"column":58}},{"start":{"line":61,"column":18},"end":{"line":61,"column":22}}]},"5":{"loc":{"start":{"line":59,"column":12},"end":{"line":59,"column":54}},"type":"binary-expr","locations":[{"start":{"line":59,"column":12},"end":{"line":59,"column":33}},{"start":{"line":59,"column":37},"end":{"line":59,"column":54}}]}},"s":{"0":2,"1":2,"2":2,"3":2,"4":3,"5":3,"6":3,"7":3,"8":0,"9":3,"10":3,"11":0,"12":3,"13":0,"14":0,"15":0,"16":0,"17":0,"18":0,"19":0,"20":0,"21":3,"22":0,"23":0,"24":0,"25":3,"26":0,"27":0,"28":0,"29":3,"30":0,"31":0,"32":0,"33":3,"34":0,"35":0,"36":3,"37":0,"38":0,"39":3,"40":0,"41":3,"42":2},"f":{"0":3,"1":3,"2":3,"3":0,"4":0,"5":0,"6":0,"7":0,"8":0,"9":0,"10":0,"11":0,"12":0,"13":0,"14":0,"15":0,"16":0,"17":0,"18":0,"19":0},"b":{"0":[0],"1":[0],"2":[0,0],"3":[0,0],"4":[0,0],"5":[0,0]}}
,"/Users/maxcm/Desktop/React/Valeria Montero/project-market/src/hooks/useAuthAction.ts": {"path":"/Users/maxcm/Desktop/React/Valeria Montero/project-market/src/hooks/useAuthAction.ts","statementMap":{"0":{"start":{"line":1,"column":0},"end":{"line":1,"column":35}},"1":{"start":{"line":2,"column":0},"end":{"line":2,"column":67}},"2":{"start":{"line":4,"column":30},"end":{"line":12,"column":1}},"3":{"start":{"line":5,"column":18},"end":{"line":5,"column":48}},"4":{"start":{"line":7,"column":2},"end":{"line":9,"column":3}},"5":{"start":{"line":8,"column":4},"end":{"line":8,"column":76}},"6":{"start":{"line":11,"column":2},"end":{"line":11,"column":17}},"7":{"start":{"line":4,"column":13},"end":{"line":4,"column":30}}},"fnMap":{"0":{"name":"(anonymous_0)","decl":{"start":{"line":4,"column":30},"end":{"line":4,"column":33}},"loc":{"start":{"line":4,"column":35},"end":{"line":12,"column":1}}}},"branchMap":{"0":{"loc":{"start":{"line":7,"column":2},"end":{"line":9,"column":3}},"type":"if","locations":[{"start":{"line":7,"column":2},"end":{"line":9,"column":3}}]}},"s":{"0":0,"1":0,"2":0,"3":0,"4":0,"5":0,"6":0,"7":0},"f":{"0":0},"b":{"0":[0]}}
,"/Users/maxcm/Desktop/React/Valeria Montero/project-market/src/hooks/useAuthLogin.ts": {"path":"/Users/maxcm/Desktop/React/Valeria Montero/project-market/src/hooks/useAuthLogin.ts","statementMap":{"0":{"start":{"line":1,"column":0},"end":{"line":1,"column":35}},"1":{"start":{"line":3,"column":0},"end":{"line":3,"column":67}},"2":{"start":{"line":4,"column":0},"end":{"line":4,"column":63}},"3":{"start":{"line":6,"column":28},"end":{"line":15,"column":1}},"4":{"start":{"line":7,"column":16},"end":{"line":7,"column":44}},"5":{"start":{"line":8,"column":18},"end":{"line":8,"column":48}},"6":{"start":{"line":10,"column":2},"end":{"line":12,"column":3}},"7":{"start":{"line":11,"column":4},"end":{"line":11,"column":74}},"8":{"start":{"line":14,"column":2},"end":{"line":14,"column":34}},"9":{"start":{"line":6,"column":13},"end":{"line":6,"column":28}}},"fnMap":{"0":{"name":"(anonymous_0)","decl":{"start":{"line":6,"column":28},"end":{"line":6,"column":31}},"loc":{"start":{"line":6,"column":33},"end":{"line":15,"column":1}}}},"branchMap":{"0":{"loc":{"start":{"line":10,"column":2},"end":{"line":12,"column":3}},"type":"if","locations":[{"start":{"line":10,"column":2},"end":{"line":12,"column":3}}]},"1":{"loc":{"start":{"line":10,"column":6},"end":{"line":10,"column":24}},"type":"binary-expr","locations":[{"start":{"line":10,"column":6},"end":{"line":10,"column":12}},{"start":{"line":10,"column":16},"end":{"line":10,"column":24}}]}},"s":{"0":0,"1":0,"2":0,"3":0,"4":0,"5":0,"6":0,"7":0,"8":0,"9":0},"f":{"0":0},"b":{"0":[0],"1":[0,0]}}
,"/Users/maxcm/Desktop/React/Valeria Montero/project-market/src/hooks/useAuthState.ts": {"path":"/Users/maxcm/Desktop/React/Valeria Montero/project-market/src/hooks/useAuthState.ts","statementMap":{"0":{"start":{"line":1,"column":0},"end":{"line":1,"column":35}},"1":{"start":{"line":2,"column":0},"end":{"line":2,"column":63}},"2":{"start":{"line":4,"column":28},"end":{"line":12,"column":1}},"3":{"start":{"line":5,"column":18},"end":{"line":5,"column":46}},"4":{"start":{"line":7,"column":2},"end":{"line":9,"column":3}},"5":{"start":{"line":8,"column":4},"end":{"line":8,"column":74}},"6":{"start":{"line":11,"column":2},"end":{"line":11,"column":17}},"7":{"start":{"line":4,"column":13},"end":{"line":4,"column":28}}},"fnMap":{"0":{"name":"(anonymous_0)","decl":{"start":{"line":4,"column":28},"end":{"line":4,"column":31}},"loc":{"start":{"line":4,"column":33},"end":{"line":12,"column":1}}}},"branchMap":{"0":{"loc":{"start":{"line":7,"column":2},"end":{"line":9,"column":3}},"type":"if","locations":[{"start":{"line":7,"column":2},"end":{"line":9,"column":3}}]}},"s":{"0":0,"1":0,"2":0,"3":0,"4":0,"5":0,"6":0,"7":0},"f":{"0":0},"b":{"0":[0]}}
,"/Users/maxcm/Desktop/React/Valeria Montero/project-market/src/hooks/useCart.ts": {"path":"/Users/maxcm/Desktop/React/Valeria Montero/project-market/src/hooks/useCart.ts","statementMap":{"0":{"start":{"line":2,"column":0},"end":{"line":2,"column":35}},"1":{"start":{"line":3,"column":0},"end":{"line":3,"column":52}},"2":{"start":{"line":5,"column":23},"end":{"line":11,"column":1}},"3":{"start":{"line":6,"column":20},"end":{"line":6,"column":43}},"4":{"start":{"line":7,"column":4},"end":{"line":9,"column":5}},"5":{"start":{"line":8,"column":8},"end":{"line":8,"column":72}},"6":{"start":{"line":10,"column":4},"end":{"line":10,"column":19}},"7":{"start":{"line":5,"column":13},"end":{"line":5,"column":23}}},"fnMap":{"0":{"name":"(anonymous_0)","decl":{"start":{"line":5,"column":23},"end":{"line":5,"column":26}},"loc":{"start":{"line":5,"column":28},"end":{"line":11,"column":1}}}},"branchMap":{"0":{"loc":{"start":{"line":7,"column":4},"end":{"line":9,"column":5}},"type":"if","locations":[{"start":{"line":7,"column":4},"end":{"line":9,"column":5}}]}},"s":{"0":1,"1":1,"2":1,"3":0,"4":0,"5":0,"6":0,"7":1},"f":{"0":0},"b":{"0":[0]}}
,"/Users/maxcm/Desktop/React/Valeria Montero/project-market/src/hooks/useCheckForm.ts": {"path":"/Users/maxcm/Desktop/React/Valeria Montero/project-market/src/hooks/useCheckForm.ts","statementMap":{"0":{"start":{"line":2,"column":0},"end":{"line":2,"column":33}},"1":{"start":{"line":7,"column":31},"end":{"line":105,"column":1}},"2":{"start":{"line":8,"column":34},"end":{"line":13,"column":4}},"3":{"start":{"line":15,"column":30},"end":{"line":15,"column":54}},"4":{"start":{"line":19,"column":23},"end":{"line":46,"column":3}},"5":{"start":{"line":20,"column":34},"end":{"line":20,"column":36}},"6":{"start":{"line":21,"column":18},"end":{"line":21,"column":22}},"7":{"start":{"line":23,"column":4},"end":{"line":26,"column":5}},"8":{"start":{"line":24,"column":6},"end":{"line":24,"column":58}},"9":{"start":{"line":25,"column":6},"end":{"line":25,"column":22}},"10":{"start":{"line":28,"column":4},"end":{"line":31,"column":5}},"11":{"start":{"line":29,"column":6},"end":{"line":29,"column":44}},"12":{"start":{"line":30,"column":6},"end":{"line":30,"column":22}},"13":{"start":{"line":33,"column":4},"end":{"line":36,"column":5}},"14":{"start":{"line":34,"column":6},"end":{"line":34,"column":43}},"15":{"start":{"line":35,"column":6},"end":{"line":35,"column":22}},"16":{"start":{"line":38,"column":4},"end":{"line":42,"column":5}},"17":{"start":{"line":39,"column":6},"end":{"line":39,"column":56}},"18":{"start":{"line":40,"column":6},"end":{"line":40,"column":22}},"19":{"start":{"line":44,"column":4},"end":{"line":44,"column":25}},"20":{"start":{"line":45,"column":4},"end":{"line":45,"column":19}},"21":{"start":{"line":50,"column":28},"end":{"line":84,"column":3}},"22":{"start":{"line":51,"column":4},"end":{"line":51,"column":56}},"23":{"start":{"line":51,"column":27},"end":{"line":51,"column":53}},"24":{"start":{"line":53,"column":4},"end":{"line":80,"column":7}},"25":{"start":{"line":54,"column":24},"end":{"line":54,"column":35}},"26":{"start":{"line":55,"column":6},"end":{"line":59,"column":7}},"27":{"start":{"line":56,"column":8},"end":{"line":56,"column":60}},"28":{"start":{"line":57,"column":13},"end":{"line":59,"column":7}},"29":{"start":{"line":58,"column":8},"end":{"line":58,"column":34}},"30":{"start":{"line":61,"column":6},"end":{"line":65,"column":7}},"31":{"start":{"line":62,"column":8},"end":{"line":62,"column":46}},"32":{"start":{"line":63,"column":13},"end":{"line":65,"column":7}},"33":{"start":{"line":64,"column":8},"end":{"line":64,"column":34}},"34":{"start":{"line":67,"column":6},"end":{"line":71,"column":7}},"35":{"start":{"line":68,"column":8},"end":{"line":68,"column":44}},"36":{"start":{"line":69,"column":13},"end":{"line":71,"column":7}},"37":{"start":{"line":70,"column":8},"end":{"line":70,"column":32}},"38":{"start":{"line":73,"column":6},"end":{"line":77,"column":7}},"39":{"start":{"line":74,"column":8},"end":{"line":74,"column":58}},"40":{"start":{"line":75,"column":13},"end":{"line":77,"column":7}},"41":{"start":{"line":76,"column":8},"end":{"line":76,"column":31}},"42":{"start":{"line":79,"column":6},"end":{"line":79,"column":23}},"43":{"start":{"line":86,"column":20},"end":{"line":94,"column":3}},"44":{"start":{"line":87,"column":4},"end":{"line":92,"column":7}},"45":{"start":{"line":93,"column":4},"end":{"line":93,"column":18}},"46":{"start":{"line":96,"column":2},"end":{"line":104,"column":4}},"47":{"start":{"line":7,"column":13},"end":{"line":7,"column":31}}},"fnMap":{"0":{"name":"(anonymous_0)","decl":{"start":{"line":7,"column":31},"end":{"line":7,"column":34}},"loc":{"start":{"line":7,"column":36},"end":{"line":105,"column":1}}},"1":{"name":"(anonymous_1)","decl":{"start":{"line":19,"column":23},"end":{"line":19,"column":26}},"loc":{"start":{"line":19,"column":28},"end":{"line":46,"column":3}}},"2":{"name":"(anonymous_2)","decl":{"start":{"line":50,"column":28},"end":{"line":50,"column":29}},"loc":{"start":{"line":50,"column":60},"end":{"line":84,"column":3}}},"3":{"name":"(anonymous_3)","decl":{"start":{"line":51,"column":16},"end":{"line":51,"column":17}},"loc":{"start":{"line":51,"column":27},"end":{"line":51,"column":53}}},"4":{"name":"(anonymous_4)","decl":{"start":{"line":53,"column":14},"end":{"line":53,"column":15}},"loc":{"start":{"line":53,"column":23},"end":{"line":80,"column":5}}},"5":{"name":"(anonymous_5)","decl":{"start":{"line":86,"column":20},"end":{"line":86,"column":23}},"loc":{"start":{"line":86,"column":25},"end":{"line":94,"column":3}}}},"branchMap":{"0":{"loc":{"start":{"line":23,"column":4},"end":{"line":26,"column":5}},"type":"if","locations":[{"start":{"line":23,"column":4},"end":{"line":26,"column":5}}]},"1":{"loc":{"start":{"line":23,"column":8},"end":{"line":23,"column":70}},"type":"binary-expr","locations":[{"start":{"line":23,"column":8},"end":{"line":23,"column":26}},{"start":{"line":23,"column":30},"end":{"line":23,"column":70}}]},"2":{"loc":{"start":{"line":28,"column":4},"end":{"line":31,"column":5}},"type":"if","locations":[{"start":{"line":28,"column":4},"end":{"line":31,"column":5}}]},"3":{"loc":{"start":{"line":33,"column":4},"end":{"line":36,"column":5}},"type":"if","locations":[{"start":{"line":33,"column":4},"end":{"line":36,"column":5}}]},"4":{"loc":{"start":{"line":38,"column":4},"end":{"line":42,"column":5}},"type":"if","locations":[{"start":{"line":38,"column":4},"end":{"line":42,"column":5}}]},"5":{"loc":{"start":{"line":38,"column":8},"end":{"line":38,"column":56}},"type":"binary-expr","locations":[{"start":{"line":38,"column":8},"end":{"line":38,"column":23}},{"start":{"line":38,"column":27},"end":{"line":38,"column":56}}]},"6":{"loc":{"start":{"line":55,"column":6},"end":{"line":59,"column":7}},"type":"if","locations":[{"start":{"line":55,"column":6},"end":{"line":59,"column":7}},{"start":{"line":57,"column":13},"end":{"line":59,"column":7}}]},"7":{"loc":{"start":{"line":55,"column":10},"end":{"line":55,"column":73}},"type":"binary-expr","locations":[{"start":{"line":55,"column":10},"end":{"line":55,"column":29}},{"start":{"line":55,"column":34},"end":{"line":55,"column":40}},{"start":{"line":55,"column":44},"end":{"line":55,"column":72}}]},"8":{"loc":{"start":{"line":57,"column":13},"end":{"line":59,"column":7}},"type":"if","locations":[{"start":{"line":57,"column":13},"end":{"line":59,"column":7}}]},"9":{"loc":{"start":{"line":61,"column":6},"end":{"line":65,"column":7}},"type":"if","locations":[{"start":{"line":61,"column":6},"end":{"line":65,"column":7}},{"start":{"line":63,"column":13},"end":{"line":65,"column":7}}]},"10":{"loc":{"start":{"line":61,"column":10},"end":{"line":61,"column":39}},"type":"binary-expr","locations":[{"start":{"line":61,"column":10},"end":{"line":61,"column":29}},{"start":{"line":61,"column":33},"end":{"line":61,"column":39}}]},"11":{"loc":{"start":{"line":63,"column":13},"end":{"line":65,"column":7}},"type":"if","locations":[{"start":{"line":63,"column":13},"end":{"line":65,"column":7}}]},"12":{"loc":{"start":{"line":67,"column":6},"end":{"line":71,"column":7}},"type":"if","locations":[{"start":{"line":67,"column":6},"end":{"line":71,"column":7}},{"start":{"line":69,"column":13},"end":{"line":71,"column":7}}]},"13":{"loc":{"start":{"line":67,"column":10},"end":{"line":67,"column":37}},"type":"binary-expr","locations":[{"start":{"line":67,"column":10},"end":{"line":67,"column":27}},{"start":{"line":67,"column":31},"end":{"line":67,"column":37}}]},"14":{"loc":{"start":{"line":69,"column":13},"end":{"line":71,"column":7}},"type":"if","locations":[{"start":{"line":69,"column":13},"end":{"line":71,"column":7}}]},"15":{"loc":{"start":{"line":73,"column":6},"end":{"line":77,"column":7}},"type":"if","locations":[{"start":{"line":73,"column":6},"end":{"line":77,"column":7}},{"start":{"line":75,"column":13},"end":{"line":77,"column":7}}]},"16":{"loc":{"start":{"line":73,"column":10},"end":{"line":73,"column":62}},"type":"binary-expr","locations":[{"start":{"line":73,"column":10},"end":{"line":73,"column":26}},{"start":{"line":73,"column":31},"end":{"line":73,"column":37}},{"start":{"line":73,"column":41},"end":{"line":73,"column":61}}]},"17":{"loc":{"start":{"line":75,"column":13},"end":{"line":77,"column":7}},"type":"if","locations":[{"start":{"line":75,"column":13},"end":{"line":77,"column":7}}]}},"s":{"0":2,"1":2,"2":9,"3":9,"4":9,"5":1,"6":1,"7":1,"8":1,"9":1,"10":1,"11":1,"12":1,"13":1,"14":1,"15":1,"16":1,"17":1,"18":1,"19":1,"20":1,"21":9,"22":6,"23":6,"24":6,"25":6,"26":6,"27":1,"28":5,"29":2,"30":6,"31":1,"32":5,"33":0,"34":6,"35":1,"36":5,"37":0,"38":6,"39":1,"40":5,"41":0,"42":6,"43":9,"44":1,"45":1,"46":9,"47":2},"f":{"0":9,"1":1,"2":6,"3":6,"4":6,"5":1},"b":{"0":[1],"1":[1,0],"2":[1],"3":[1],"4":[1],"5":[1,1],"6":[1,5],"7":[6,3,2],"8":[2],"9":[1,5],"10":[6,1],"11":[0],"12":[1,5],"13":[6,1],"14":[0],"15":[1,5],"16":[6,1,1],"17":[0]}}
,"/Users/maxcm/Desktop/React/Valeria Montero/project-market/src/hooks/useDisctrict.ts": {"path":"/Users/maxcm/Desktop/React/Valeria Montero/project-market/src/hooks/useDisctrict.ts","statementMap":{"0":{"start":{"line":3,"column":0},"end":{"line":3,"column":44}},"1":{"start":{"line":5,"column":27},"end":{"line":24,"column":1}},"2":{"start":{"line":6,"column":38},"end":{"line":6,"column":62}},"3":{"start":{"line":8,"column":4},"end":{"line":21,"column":11}},"4":{"start":{"line":9,"column":28},"end":{"line":18,"column":9}},"5":{"start":{"line":10,"column":12},"end":{"line":17,"column":13}},"6":{"start":{"line":11,"column":33},"end":{"line":11,"column":62}},"7":{"start":{"line":12,"column":29},"end":{"line":12,"column":50}},"8":{"start":{"line":13,"column":16},"end":{"line":13,"column":35}},"9":{"start":{"line":15,"column":16},"end":{"line":15,"column":71}},"10":{"start":{"line":16,"column":16},"end":{"line":16,"column":33}},"11":{"start":{"line":20,"column":8},"end":{"line":20,"column":22}},"12":{"start":{"line":23,"column":4},"end":{"line":23,"column":23}},"13":{"start":{"line":5,"column":13},"end":{"line":5,"column":27}}},"fnMap":{"0":{"name":"(anonymous_0)","decl":{"start":{"line":5,"column":27},"end":{"line":5,"column":30}},"loc":{"start":{"line":5,"column":32},"end":{"line":24,"column":1}}},"1":{"name":"(anonymous_1)","decl":{"start":{"line":8,"column":14},"end":{"line":8,"column":17}},"loc":{"start":{"line":8,"column":19},"end":{"line":21,"column":5}}},"2":{"name":"(anonymous_2)","decl":{"start":{"line":9,"column":28},"end":{"line":9,"column":33}},"loc":{"start":{"line":9,"column":39},"end":{"line":18,"column":9}}}},"branchMap":{},"s":{"0":1,"1":1,"2":0,"3":0,"4":0,"5":0,"6":0,"7":0,"8":0,"9":0,"10":0,"11":0,"12":0,"13":1},"f":{"0":0,"1":0,"2":0},"b":{}}
,"/Users/maxcm/Desktop/React/Valeria Montero/project-market/src/hooks/useForgotPass.tsx": {"path":"/Users/maxcm/Desktop/React/Valeria Montero/project-market/src/hooks/useForgotPass.tsx","statementMap":{"0":{"start":{"line":1,"column":0},"end":{"line":1,"column":52}},"1":{"start":{"line":2,"column":0},"end":{"line":2,"column":33}},"2":{"start":{"line":4,"column":33},"end":{"line":34,"column":3}},"3":{"start":{"line":5,"column":30},"end":{"line":5,"column":50}},"4":{"start":{"line":6,"column":30},"end":{"line":6,"column":59}},"5":{"start":{"line":7,"column":48},"end":{"line":7,"column":77}},"6":{"start":{"line":9,"column":30},"end":{"line":13,"column":5}},"7":{"start":{"line":10,"column":6},"end":{"line":10,"column":31}},"8":{"start":{"line":11,"column":6},"end":{"line":11,"column":21}},"9":{"start":{"line":12,"column":6},"end":{"line":12,"column":30}},"10":{"start":{"line":15,"column":25},"end":{"line":25,"column":5}},"11":{"start":{"line":16,"column":6},"end":{"line":24,"column":7}},"12":{"start":{"line":17,"column":8},"end":{"line":17,"column":55}},"13":{"start":{"line":18,"column":8},"end":{"line":18,"column":32}},"14":{"start":{"line":21,"column":8},"end":{"line":21,"column":67}},"15":{"start":{"line":22,"column":8},"end":{"line":22,"column":23}},"16":{"start":{"line":23,"column":8},"end":{"line":23,"column":21}},"17":{"start":{"line":27,"column":4},"end":{"line":33,"column":6}},"18":{"start":{"line":4,"column":13},"end":{"line":4,"column":33}}},"fnMap":{"0":{"name":"(anonymous_0)","decl":{"start":{"line":4,"column":33},"end":{"line":4,"column":36}},"loc":{"start":{"line":4,"column":38},"end":{"line":34,"column":3}}},"1":{"name":"(anonymous_1)","decl":{"start":{"line":9,"column":30},"end":{"line":9,"column":31}},"loc":{"start":{"line":9,"column":73},"end":{"line":13,"column":5}}},"2":{"name":"(anonymous_2)","decl":{"start":{"line":15,"column":25},"end":{"line":15,"column":28}},"loc":{"start":{"line":15,"column":30},"end":{"line":25,"column":5}}}},"branchMap":{"0":{"loc":{"start":{"line":16,"column":6},"end":{"line":24,"column":7}},"type":"if","locations":[{"start":{"line":16,"column":6},"end":{"line":24,"column":7}},{"start":{"line":19,"column":13},"end":{"line":24,"column":7}}]}},"s":{"0":0,"1":0,"2":0,"3":0,"4":0,"5":0,"6":0,"7":0,"8":0,"9":0,"10":0,"11":0,"12":0,"13":0,"14":0,"15":0,"16":0,"17":0,"18":0},"f":{"0":0,"1":0,"2":0},"b":{"0":[0,0]}}
,"/Users/maxcm/Desktop/React/Valeria Montero/project-market/src/hooks/useLoginForm.ts": {"path":"/Users/maxcm/Desktop/React/Valeria Montero/project-market/src/hooks/useLoginForm.ts","statementMap":{"0":{"start":{"line":1,"column":0},"end":{"line":1,"column":93}},"1":{"start":{"line":2,"column":0},"end":{"line":2,"column":55}},"2":{"start":{"line":3,"column":0},"end":{"line":3,"column":46}},"3":{"start":{"line":5,"column":0},"end":{"line":5,"column":42}},"4":{"start":{"line":12,"column":37},"end":{"line":16,"column":1}},"5":{"start":{"line":13,"column":2},"end":{"line":13,"column":44}},"6":{"start":{"line":13,"column":14},"end":{"line":13,"column":44}},"7":{"start":{"line":14,"column":2},"end":{"line":14,"column":87}},"8":{"start":{"line":14,"column":32},"end":{"line":14,"column":87}},"9":{"start":{"line":15,"column":2},"end":{"line":15,"column":14}},"10":{"start":{"line":12,"column":13},"end":{"line":12,"column":37}},"11":{"start":{"line":18,"column":37},"end":{"line":22,"column":1}},"12":{"start":{"line":19,"column":2},"end":{"line":19,"column":44}},"13":{"start":{"line":19,"column":14},"end":{"line":19,"column":44}},"14":{"start":{"line":20,"column":2},"end":{"line":20,"column":77}},"15":{"start":{"line":20,"column":24},"end":{"line":20,"column":77}},"16":{"start":{"line":21,"column":2},"end":{"line":21,"column":14}},"17":{"start":{"line":18,"column":13},"end":{"line":18,"column":37}},"18":{"start":{"line":25,"column":28},"end":{"line":48,"column":1}},"19":{"start":{"line":26,"column":20},"end":{"line":26,"column":34}},"20":{"start":{"line":28,"column":70},"end":{"line":28,"column":89}},"21":{"start":{"line":32,"column":19},"end":{"line":40,"column":3}},"22":{"start":{"line":33,"column":4},"end":{"line":39,"column":5}},"23":{"start":{"line":34,"column":6},"end":{"line":34,"column":48}},"24":{"start":{"line":35,"column":6},"end":{"line":35,"column":51}},"25":{"start":{"line":37,"column":6},"end":{"line":37,"column":60}},"26":{"start":{"line":38,"column":6},"end":{"line":38,"column":81}},"27":{"start":{"line":42,"column":2},"end":{"line":47,"column":4}},"28":{"start":{"line":25,"column":13},"end":{"line":25,"column":28}}},"fnMap":{"0":{"name":"(anonymous_0)","decl":{"start":{"line":12,"column":37},"end":{"line":12,"column":38}},"loc":{"start":{"line":12,"column":55},"end":{"line":16,"column":1}}},"1":{"name":"(anonymous_1)","decl":{"start":{"line":18,"column":37},"end":{"line":18,"column":38}},"loc":{"start":{"line":18,"column":55},"end":{"line":22,"column":1}}},"2":{"name":"(anonymous_2)","decl":{"start":{"line":25,"column":28},"end":{"line":25,"column":31}},"loc":{"start":{"line":25,"column":33},"end":{"line":48,"column":1}}},"3":{"name":"(anonymous_3)","decl":{"start":{"line":32,"column":19},"end":{"line":32,"column":24}},"loc":{"start":{"line":32,"column":44},"end":{"line":40,"column":3}}}},"branchMap":{"0":{"loc":{"start":{"line":13,"column":2},"end":{"line":13,"column":44}},"type":"if","locations":[{"start":{"line":13,"column":2},"end":{"line":13,"column":44}}]},"1":{"loc":{"start":{"line":14,"column":2},"end":{"line":14,"column":87}},"type":"if","locations":[{"start":{"line":14,"column":2},"end":{"line":14,"column":87}}]},"2":{"loc":{"start":{"line":19,"column":2},"end":{"line":19,"column":44}},"type":"if","locations":[{"start":{"line":19,"column":2},"end":{"line":19,"column":44}}]},"3":{"loc":{"start":{"line":20,"column":2},"end":{"line":20,"column":77}},"type":"if","locations":[{"start":{"line":20,"column":2},"end":{"line":20,"column":77}}]}},"s":{"0":0,"1":0,"2":0,"3":0,"4":0,"5":0,"6":0,"7":0,"8":0,"9":0,"10":0,"11":0,"12":0,"13":0,"14":0,"15":0,"16":0,"17":0,"18":0,"19":0,"20":0,"21":0,"22":0,"23":0,"24":0,"25":0,"26":0,"27":0,"28":0},"f":{"0":0,"1":0,"2":0,"3":0},"b":{"0":[0],"1":[0],"2":[0],"3":[0]}}
,"/Users/maxcm/Desktop/React/Valeria Montero/project-market/src/hooks/useProducts.ts": {"path":"/Users/maxcm/Desktop/React/Valeria Montero/project-market/src/hooks/useProducts.ts","statementMap":{"0":{"start":{"line":2,"column":0},"end":{"line":2,"column":49}},"1":{"start":{"line":3,"column":0},"end":{"line":3,"column":33}},"2":{"start":{"line":4,"column":0},"end":{"line":4,"column":34}},"3":{"start":{"line":6,"column":20},"end":{"line":89,"column":1}},"4":{"start":{"line":7,"column":34},"end":{"line":7,"column":57}},"5":{"start":{"line":8,"column":48},"end":{"line":8,"column":71}},"6":{"start":{"line":9,"column":36},"end":{"line":9,"column":50}},"7":{"start":{"line":10,"column":40},"end":{"line":10,"column":55}},"8":{"start":{"line":11,"column":36},"end":{"line":11,"column":47}},"9":{"start":{"line":12,"column":46},"end":{"line":12,"column":58}},"10":{"start":{"line":13,"column":48},"end":{"line":13,"column":63}},"11":{"start":{"line":14,"column":44},"end":{"line":14,"column":59}},"12":{"start":{"line":18,"column":24},"end":{"line":29,"column":3}},"13":{"start":{"line":19,"column":4},"end":{"line":28,"column":5}},"14":{"start":{"line":20,"column":6},"end":{"line":20,"column":25}},"15":{"start":{"line":21,"column":31},"end":{"line":21,"column":53}},"16":{"start":{"line":22,"column":6},"end":{"line":22,"column":36}},"17":{"start":{"line":23,"column":6},"end":{"line":23,"column":55}},"18":{"start":{"line":25,"column":6},"end":{"line":25,"column":null}},"19":{"start":{"line":27,"column":6},"end":{"line":27,"column":26}},"20":{"start":{"line":30,"column":2},"end":{"line":32,"column":9}},"21":{"start":{"line":31,"column":4},"end":{"line":31,"column":20}},"22":{"start":{"line":35,"column":26},"end":{"line":38,"column":3}},"23":{"start":{"line":36,"column":4},"end":{"line":36,"column":33}},"24":{"start":{"line":37,"column":4},"end":{"line":37,"column":null}},"25":{"start":{"line":40,"column":24},"end":{"line":42,"column":3}},"26":{"start":{"line":41,"column":4},"end":{"line":41,"column":32}},"27":{"start":{"line":44,"column":23},"end":{"line":51,"column":3}},"28":{"start":{"line":45,"column":4},"end":{"line":45,"column":30}},"29":{"start":{"line":47,"column":29},"end":{"line":49,"column":75}},"30":{"start":{"line":48,"column":6},"end":{"line":49,"column":74}},"31":{"start":{"line":49,"column":23},"end":{"line":49,"column":73}},"32":{"start":{"line":50,"column":4},"end":{"line":50,"column":41}},"33":{"start":{"line":55,"column":31},"end":{"line":65,"column":3}},"34":{"start":{"line":56,"column":4},"end":{"line":56,"column":81}},"35":{"start":{"line":56,"column":68},"end":{"line":56,"column":78}},"36":{"start":{"line":58,"column":4},"end":{"line":58,"column":33}},"37":{"start":{"line":60,"column":27},"end":{"line":61,"column":null}},"38":{"start":{"line":61,"column":6},"end":{"line":61,"column":63}},"39":{"start":{"line":63,"column":4},"end":{"line":63,"column":51}},"40":{"start":{"line":68,"column":22},"end":{"line":70,"column":3}},"41":{"start":{"line":69,"column":4},"end":{"line":69,"column":37}},"42":{"start":{"line":73,"column":2},"end":{"line":88,"column":null}},"43":{"start":{"line":91,"column":0},"end":{"line":91,"column":null}}},"fnMap":{"0":{"name":"(anonymous_0)","decl":{"start":{"line":6,"column":20},"end":{"line":6,"column":23}},"loc":{"start":{"line":6,"column":25},"end":{"line":89,"column":1}}},"1":{"name":"(anonymous_1)","decl":{"start":{"line":18,"column":24},"end":{"line":18,"column":29}},"loc":{"start":{"line":18,"column":35},"end":{"line":29,"column":3}}},"2":{"name":"(anonymous_2)","decl":{"start":{"line":30,"column":12},"end":{"line":30,"column":15}},"loc":{"start":{"line":30,"column":17},"end":{"line":32,"column":3}}},"3":{"name":"(anonymous_3)","decl":{"start":{"line":35,"column":26},"end":{"line":35,"column":29}},"loc":{"start":{"line":35,"column":31},"end":{"line":38,"column":3}}},"4":{"name":"(anonymous_4)","decl":{"start":{"line":40,"column":24},"end":{"line":40,"column":27}},"loc":{"start":{"line":40,"column":29},"end":{"line":42,"column":3}}},"5":{"name":"(anonymous_5)","decl":{"start":{"line":44,"column":23},"end":{"line":44,"column":24}},"loc":{"start":{"line":44,"column":42},"end":{"line":51,"column":3}}},"6":{"name":"(anonymous_6)","decl":{"start":{"line":47,"column":45},"end":{"line":47,"column":46}},"loc":{"start":{"line":48,"column":6},"end":{"line":49,"column":74}}},"7":{"name":"(anonymous_7)","decl":{"start":{"line":49,"column":14},"end":{"line":49,"column":19}},"loc":{"start":{"line":49,"column":23},"end":{"line":49,"column":73}}},"8":{"name":"(anonymous_8)","decl":{"start":{"line":55,"column":31},"end":{"line":55,"column":32}},"loc":{"start":{"line":55,"column":52},"end":{"line":65,"column":3}}},"9":{"name":"(anonymous_9)","decl":{"start":{"line":56,"column":63},"end":{"line":56,"column":64}},"loc":{"start":{"line":56,"column":68},"end":{"line":56,"column":78}}},"10":{"name":"(anonymous_10)","decl":{"start":{"line":60,"column":43},"end":{"line":60,"column":44}},"loc":{"start":{"line":61,"column":6},"end":{"line":61,"column":63}}},"11":{"name":"(anonymous_11)","decl":{"start":{"line":68,"column":22},"end":{"line":68,"column":25}},"loc":{"start":{"line":68,"column":27},"end":{"line":70,"column":3}}}},"branchMap":{"0":{"loc":{"start":{"line":61,"column":6},"end":{"line":61,"column":63}},"type":"cond-expr","locations":[{"start":{"line":61,"column":27},"end":{"line":61,"column":31}},{"start":{"line":61,"column":34},"end":{"line":61,"column":63}}]}},"s":{"0":1,"1":1,"2":1,"3":1,"4":17,"5":17,"6":17,"7":17,"8":17,"9":17,"10":17,"11":17,"12":17,"13":6,"14":6,"15":6,"16":6,"17":6,"18":0,"19":6,"20":17,"21":6,"22":17,"23":1,"24":1,"25":17,"26":2,"27":17,"28":1,"29":1,"30":2,"31":5,"32":1,"33":17,"34":1,"35":2,"36":1,"37":1,"38":2,"39":1,"40":17,"41":2,"42":17,"43":1},"f":{"0":17,"1":6,"2":6,"3":1,"4":2,"5":1,"6":2,"7":5,"8":1,"9":2,"10":2,"11":2},"b":{"0":[0,2]}}
,"/Users/maxcm/Desktop/React/Valeria Montero/project-market/src/hooks/useRedirecIfAuth.ts": {"path":"/Users/maxcm/Desktop/React/Valeria Montero/project-market/src/hooks/useRedirecIfAuth.ts","statementMap":{"0":{"start":{"line":1,"column":0},"end":{"line":1,"column":47}},"1":{"start":{"line":2,"column":0},"end":{"line":2,"column":46}},"2":{"start":{"line":3,"column":0},"end":{"line":3,"column":34}},"3":{"start":{"line":4,"column":0},"end":{"line":4,"column":48}},"4":{"start":{"line":7,"column":35},"end":{"line":16,"column":3}},"5":{"start":{"line":8,"column":32},"end":{"line":8,"column":46}},"6":{"start":{"line":9,"column":21},"end":{"line":9,"column":34}},"7":{"start":{"line":11,"column":4},"end":{"line":15,"column":36}},"8":{"start":{"line":12,"column":6},"end":{"line":14,"column":7}},"9":{"start":{"line":13,"column":8},"end":{"line":13,"column":36}},"10":{"start":{"line":18,"column":2},"end":{"line":18,"column":44}}},"fnMap":{"0":{"name":"(anonymous_0)","decl":{"start":{"line":7,"column":35},"end":{"line":7,"column":38}},"loc":{"start":{"line":7,"column":40},"end":{"line":16,"column":3}}},"1":{"name":"(anonymous_1)","decl":{"start":{"line":11,"column":14},"end":{"line":11,"column":17}},"loc":{"start":{"line":11,"column":19},"end":{"line":15,"column":5}}}},"branchMap":{"0":{"loc":{"start":{"line":12,"column":6},"end":{"line":14,"column":7}},"type":"if","locations":[{"start":{"line":12,"column":6},"end":{"line":14,"column":7}}]}},"s":{"0":0,"1":0,"2":0,"3":0,"4":0,"5":0,"6":0,"7":0,"8":0,"9":0,"10":0},"f":{"0":0,"1":0},"b":{"0":[0]}}
,"/Users/maxcm/Desktop/React/Valeria Montero/project-market/src/services/api.ts": {"path":"/Users/maxcm/Desktop/React/Valeria Montero/project-market/src/services/api.ts","statementMap":{"0":{"start":{"line":8,"column":30},"end":{"line":21,"column":1}},"1":{"start":{"line":9,"column":4},"end":{"line":20,"column":5}},"2":{"start":{"line":10,"column":25},"end":{"line":10,"column":70}},"3":{"start":{"line":11,"column":8},"end":{"line":13,"column":9}},"4":{"start":{"line":12,"column":12},"end":{"line":12,"column":59}},"5":{"start":{"line":14,"column":41},"end":{"line":14,"column":62}},"6":{"start":{"line":15,"column":8},"end":{"line":15,"column":29}},"7":{"start":{"line":18,"column":8},"end":{"line":18,"column":45}},"8":{"start":{"line":19,"column":8},"end":{"line":19,"column":18}},"9":{"start":{"line":8,"column":13},"end":{"line":8,"column":30}},"10":{"start":{"line":25,"column":13},"end":{"line":27,"column":2}}},"fnMap":{"0":{"name":"(anonymous_0)","decl":{"start":{"line":8,"column":30},"end":{"line":8,"column":35}},"loc":{"start":{"line":8,"column":61},"end":{"line":21,"column":1}}}},"branchMap":{"0":{"loc":{"start":{"line":11,"column":8},"end":{"line":13,"column":9}},"type":"if","locations":[{"start":{"line":11,"column":8},"end":{"line":13,"column":9}}]}},"s":{"0":1,"1":3,"2":3,"3":2,"4":1,"5":1,"6":1,"7":2,"8":2,"9":1,"10":1},"f":{"0":3},"b":{"0":[1]}}
,"/Users/maxcm/Desktop/React/Valeria Montero/project-market/src/services/authService.ts": {"path":"/Users/maxcm/Desktop/React/Valeria Montero/project-market/src/services/authService.ts","statementMap":{"0":{"start":{"line":1,"column":28},"end":{"line":24,"column":3}},"1":{"start":{"line":2,"column":4},"end":{"line":23,"column":5}},"2":{"start":{"line":3,"column":23},"end":{"line":12,"column":8}},"3":{"start":{"line":14,"column":19},"end":{"line":14,"column":40}},"4":{"start":{"line":16,"column":6},"end":{"line":20,"column":7}},"5":{"start":{"line":17,"column":8},"end":{"line":17,"column":52}},"6":{"start":{"line":19,"column":8},"end":{"line":19,"column":34}},"7":{"start":{"line":22,"column":6},"end":{"line":22,"column":51}},"8":{"start":{"line":1,"column":13},"end":{"line":1,"column":28}}},"fnMap":{"0":{"name":"(anonymous_0)","decl":{"start":{"line":1,"column":28},"end":{"line":1,"column":33}},"loc":{"start":{"line":1,"column":73},"end":{"line":24,"column":3}}}},"branchMap":{"0":{"loc":{"start":{"line":16,"column":6},"end":{"line":20,"column":7}},"type":"if","locations":[{"start":{"line":16,"column":6},"end":{"line":20,"column":7}},{"start":{"line":18,"column":13},"end":{"line":20,"column":7}}]}},"s":{"0":1,"1":0,"2":0,"3":0,"4":0,"5":0,"6":0,"7":0,"8":1},"f":{"0":0},"b":{"0":[0,0]}}
,"/Users/maxcm/Desktop/React/Valeria Montero/project-market/src/services/__mock__/productsMock.ts": {"path":"/Users/maxcm/Desktop/React/Valeria Montero/project-market/src/services/__mock__/productsMock.ts","statementMap":{"0":{"start":{"line":3,"column":13},"end":{"line":31,"column":2}}},"fnMap":{},"branchMap":{},"s":{"0":0},"f":{},"b":{}}
,"/Users/maxcm/Desktop/React/Valeria Montero/project-market/src/state/Categories.ts": {"path":"/Users/maxcm/Desktop/React/Valeria Montero/project-market/src/state/Categories.ts","statementMap":{"0":{"start":{"line":2,"column":13},"end":{"line":2,"column":91}}},"fnMap":{},"branchMap":{},"s":{"0":1},"f":{},"b":{}}
,"/Users/maxcm/Desktop/React/Valeria Montero/project-market/src/state/ProductState.ts": {"path":"/Users/maxcm/Desktop/React/Valeria Montero/project-market/src/state/ProductState.ts","statementMap":{"0":{"start":{"line":3,"column":13},"end":{"line":6,"column":4}}},"fnMap":{},"branchMap":{},"s":{"0":1},"f":{},"b":{}}
,"/Users/maxcm/Desktop/React/Valeria Montero/project-market/src/utils/filterCategory.ts": {"path":"/Users/maxcm/Desktop/React/Valeria Montero/project-market/src/utils/filterCategory.ts","statementMap":{"0":{"start":{"line":2,"column":0},"end":{"line":2,"column":56}},"1":{"start":{"line":4,"column":40},"end":{"line":9,"column":1}},"2":{"start":{"line":6,"column":4},"end":{"line":8,"column":6}},"3":{"start":{"line":7,"column":9},"end":{"line":7,"column":54}},"4":{"start":{"line":4,"column":13},"end":{"line":4,"column":40}}},"fnMap":{"0":{"name":"(anonymous_0)","decl":{"start":{"line":4,"column":40},"end":{"line":4,"column":41}},"loc":{"start":{"line":4,"column":75},"end":{"line":9,"column":1}}},"1":{"name":"(anonymous_1)","decl":{"start":{"line":6,"column":27},"end":{"line":6,"column":34}},"loc":{"start":{"line":7,"column":9},"end":{"line":7,"column":54}}}},"branchMap":{},"s":{"0":1,"1":1,"2":1,"3":2,"4":1},"f":{"0":1,"1":2},"b":{}}
,"/Users/maxcm/Desktop/React/Valeria Montero/project-market/src/utils/notificationSerive.ts": {"path":"/Users/maxcm/Desktop/React/Valeria Montero/project-market/src/utils/notificationSerive.ts","statementMap":{"0":{"start":{"line":1,"column":0},"end":{"line":1,"column":31}},"1":{"start":{"line":3,"column":39},"end":{"line":11,"column":1}},"2":{"start":{"line":4,"column":2},"end":{"line":10,"column":5}},"3":{"start":{"line":3,"column":13},"end":{"line":3,"column":39}},"4":{"start":{"line":13,"column":37},"end":{"line":20,"column":1}},"5":{"start":{"line":14,"column":2},"end":{"line":19,"column":5}},"6":{"start":{"line":13,"column":13},"end":{"line":13,"column":37}}},"fnMap":{"0":{"name":"(anonymous_1)","decl":{"start":{"line":3,"column":39},"end":{"line":3,"column":40}},"loc":{"start":{"line":3,"column":59},"end":{"line":11,"column":1}}},"1":{"name":"(anonymous_2)","decl":{"start":{"line":13,"column":37},"end":{"line":13,"column":38}},"loc":{"start":{"line":13,"column":57},"end":{"line":20,"column":1}}}},"branchMap":{},"s":{"0":0,"1":0,"2":0,"3":0,"4":0,"5":0,"6":0},"f":{"0":0,"1":0},"b":{}}
,"/Users/maxcm/Desktop/React/Valeria Montero/project-market/src/utils/regexUtils.ts": {"path":"/Users/maxcm/Desktop/React/Valeria Montero/project-market/src/utils/regexUtils.ts","statementMap":{"0":{"start":{"line":1,"column":13},"end":{"line":1,"column":41}},"1":{"start":{"line":3,"column":32},"end":{"line":3,"column":79}},"2":{"start":{"line":3,"column":59},"end":{"line":3,"column":79}},"3":{"start":{"line":3,"column":13},"end":{"line":3,"column":32}},"4":{"start":{"line":6,"column":29},"end":{"line":9,"column":3}},"5":{"start":{"line":7,"column":23},"end":{"line":7,"column":73}},"6":{"start":{"line":8,"column":4},"end":{"line":8,"column":34}},"7":{"start":{"line":6,"column":13},"end":{"line":6,"column":29}}},"fnMap":{"0":{"name":"(anonymous_0)","decl":{"start":{"line":3,"column":32},"end":{"line":3,"column":33}},"loc":{"start":{"line":3,"column":59},"end":{"line":3,"column":79}}},"1":{"name":"(anonymous_1)","decl":{"start":{"line":6,"column":29},"end":{"line":6,"column":30}},"loc":{"start":{"line":6,"column":47},"end":{"line":9,"column":3}}}},"branchMap":{},"s":{"0":0,"1":0,"2":0,"3":0,"4":0,"5":0,"6":0,"7":0},"f":{"0":0,"1":0},"b":{}}
}
