TN:
SF:src\App.tsx
FN:18,(anonymous_1)
FNF:1
FNH:1
FNDA:1,(anonymous_1)
DA:2,2
DA:3,2
DA:4,2
DA:5,2
DA:6,2
DA:7,2
DA:8,2
DA:9,2
DA:10,2
DA:11,2
DA:12,2
DA:13,2
DA:16,2
DA:18,2
DA:21,1
DA:31,2
LF:16
LH:16
BRF:0
BRH:0
end_of_record
TN:
SF:src\main.tsx
FNF:0
FNH:0
DA:1,1
DA:2,1
DA:3,1
DA:4,1
DA:5,1
DA:6,1
DA:10,1
LF:7
LH:7
BRF:0
BRH:0
end_of_record
TN:
SF:src\module-routes.ts
FN:1,(anonymous_0)
FNF:1
FNH:1
FNDA:2,(anonymous_0)
DA:1,2
DA:2,2
DA:3,2
LF:3
LH:3
BRDA:1,0,0,2
BRDA:1,0,1,2
BRF:2
BRH:2
end_of_record
TN:
SF:src\Pages\Cart\Cart.tsx
FN:11,(anonymous_1)
FN:27,(anonymous_2)
FN:36,(anonymous_3)
FN:40,(anonymous_4)
FN:46,(anonymous_5)
FNF:5
FNH:0
FNDA:0,(anonymous_1)
FNDA:0,(anonymous_2)
FNDA:0,(anonymous_3)
FNDA:0,(anonymous_4)
FNDA:0,(anonymous_5)
DA:1,2
DA:2,2
DA:3,2
DA:4,2
DA:5,2
DA:6,2
DA:11,2
DA:12,0
DA:13,0
DA:15,0
DA:28,0
DA:36,0
DA:40,0
DA:46,0
DA:64,2
LF:15
LH:8
BRDA:33,0,0,0
BRDA:33,0,1,0
BRF:2
BRH:0
end_of_record
TN:
SF:src\Pages\Cart\components\FooterCart.tsx
FN:12,(anonymous_1)
FN:21,(anonymous_2)
FN:33,(anonymous_3)
FN:34,(anonymous_4)
FN:66,(anonymous_5)
FN:74,(anonymous_6)
FN:82,(anonymous_7)
FN:84,(anonymous_8)
FN:97,(anonymous_9)
FN:102,(anonymous_10)
FNF:10
FNH:0
FNDA:0,(anonymous_1)
FNDA:0,(anonymous_2)
FNDA:0,(anonymous_3)
FNDA:0,(anonymous_4)
FNDA:0,(anonymous_5)
FNDA:0,(anonymous_6)
FNDA:0,(anonymous_7)
FNDA:0,(anonymous_8)
FNDA:0,(anonymous_9)
FNDA:0,(anonymous_10)
DA:1,2
DA:2,2
DA:3,2
DA:4,2
DA:5,2
DA:6,2
DA:12,2
DA:15,0
DA:16,0
DA:17,0
DA:18,0
DA:19,0
DA:21,0
DA:22,0
DA:24,0
DA:25,0
DA:26,0
DA:27,0
DA:28,0
DA:29,0
DA:33,0
DA:34,0
DA:37,0
DA:66,0
DA:74,0
DA:82,0
DA:85,0
DA:97,0
DA:102,0
DA:113,2
LF:30
LH:8
BRDA:24,0,0,0
BRDA:39,1,0,0
BRDA:39,1,1,0
BRDA:67,2,0,0
BRDA:67,2,1,0
BRDA:75,3,0,0
BRDA:75,3,1,0
BRDA:90,4,0,0
BRDA:90,4,1,0
BRDA:98,5,0,0
BRDA:98,5,1,0
BRF:11
BRH:0
end_of_record
TN:
SF:src\Pages\Home\Home.tsx
FN:12,(anonymous_1)
FNF:1
FNH:1
FNDA:2,(anonymous_1)
DA:2,2
DA:3,2
DA:4,2
DA:5,2
DA:6,2
DA:7,2
DA:8,2
DA:12,2
DA:22,2
DA:25,2
DA:51,2
LF:11
LH:11
BRDA:41,0,0,0
BRDA:41,0,1,2
BRF:2
BRH:1
end_of_record
TN:
SF:src\components\card\ProductCard.tsx
FN:7,(anonymous_1)
FN:34,(anonymous_2)
FNF:2
FNH:1
FNDA:4,(anonymous_1)
FNDA:0,(anonymous_2)
DA:1,2
DA:3,2
DA:4,2
DA:7,2
DA:8,4
DA:9,4
DA:13,4
DA:34,0
DA:40,2
LF:9
LH:8
BRDA:16,0,0,3
BRDA:16,0,1,1
BRDA:20,1,0,0
BRDA:20,1,1,4
BRF:4
BRH:3
end_of_record
TN:
SF:src\components\card\ProductsList.tsx
FN:10,(anonymous_1)
FN:23,(anonymous_2)
FNF:2
FNH:2
FNDA:2,(anonymous_1)
FNDA:4,(anonymous_2)
DA:1,2
DA:2,2
DA:4,2
DA:10,2
DA:11,2
DA:15,2
DA:24,4
DA:31,2
LF:8
LH:8
BRDA:18,0,0,1
BRDA:18,0,1,1
BRF:2
BRH:2
end_of_record
TN:
SF:src\components\filters\CategoryFilter.tsx
FN:4,(anonymous_1)
FN:7,(anonymous_2)
FNF:2
FNH:1
FNDA:2,(anonymous_1)
FNDA:0,(anonymous_2)
DA:2,2
DA:4,2
DA:6,2
DA:7,0
DA:16,2
LF:5
LH:4
BRF:0
BRH:0
end_of_record
TN:
SF:src\components\filters\SearchFilter.tsx
FN:5,(anonymous_1)
FN:7,(anonymous_2)
FNF:2
FNH:1
FNDA:2,(anonymous_1)
FNDA:0,(anonymous_2)
DA:2,2
DA:5,2
DA:7,2
DA:8,0
DA:11,2
DA:22,2
LF:6
LH:5
BRF:0
BRH:0
end_of_record
TN:
SF:src\components\footer\Footer.tsx
FN:3,(anonymous_1)
FNF:1
FNH:1
FNDA:2,(anonymous_1)
DA:1,2
DA:3,2
DA:4,2
DA:22,2
LF:4
LH:4
BRF:0
BRH:0
end_of_record
TN:
SF:src\components\navbar\Navbar.tsx
FN:7,(anonymous_1)
FNF:1
FNH:1
FNDA:2,(anonymous_1)
DA:2,2
DA:3,2
DA:4,2
DA:5,2
DA:7,2
DA:8,2
DA:9,2
DA:35,2
LF:8
LH:8
BRF:0
BRH:0
end_of_record
TN:
SF:src\context\CartContex.tsx
FN:13,(anonymous_1)
FN:17,(anonymous_2)
FN:25,(anonymous_3)
FN:31,(anonymous_4)
FN:32,(anonymous_5)
FN:38,(anonymous_6)
FN:49,(anonymous_7)
FN:50,(anonymous_8)
FN:50,(anonymous_9)
FN:57,(anonymous_10)
FN:58,(anonymous_11)
FN:58,(anonymous_12)
FN:65,(anonymous_13)
FN:66,(anonymous_14)
FN:66,(anonymous_15)
FN:69,(anonymous_16)
FN:70,(anonymous_17)
FN:73,(anonymous_18)
FN:74,(anonymous_19)
FN:77,(anonymous_20)
FNF:20
FNH:13
FNDA:12,(anonymous_1)
FNDA:4,(anonymous_2)
FNDA:12,(anonymous_3)
FNDA:3,(anonymous_4)
FNDA:2,(anonymous_5)
FNDA:1,(anonymous_6)
FNDA:2,(anonymous_7)
FNDA:2,(anonymous_8)
FNDA:2,(anonymous_9)
FNDA:1,(anonymous_10)
FNDA:1,(anonymous_11)
FNDA:1,(anonymous_12)
FNDA:0,(anonymous_13)
FNDA:0,(anonymous_14)
FNDA:0,(anonymous_15)
FNDA:0,(anonymous_16)
FNDA:0,(anonymous_17)
FNDA:2,(anonymous_18)
FNDA:0,(anonymous_19)
FNDA:0,(anonymous_20)
DA:1,3
DA:4,3
DA:8,3
DA:13,3
DA:14,12
DA:17,12
DA:18,4
DA:19,4
DA:20,2
DA:25,12
DA:26,12
DA:27,8
DA:31,12
DA:32,3
DA:33,3
DA:34,2
DA:35,2
DA:36,2
DA:38,1
DA:49,12
DA:50,2
DA:51,2
DA:57,12
DA:58,1
DA:59,1
DA:65,12
DA:66,0
DA:69,12
DA:70,0
DA:73,12
DA:74,2
DA:77,12
DA:78,0
DA:83,12
LF:34
LH:31
BRDA:19,0,0,2
BRDA:26,1,0,8
BRDA:33,2,0,2
BRDA:33,2,1,1
BRDA:51,3,0,2
BRDA:51,3,1,0
BRDA:59,4,0,1
BRDA:59,4,1,0
BRDA:59,5,0,1
BRDA:59,5,1,1
BRF:10
BRH:8
end_of_record
TN:
SF:src\hooks\useCart.ts
FN:5,(anonymous_0)
FNF:1
FNH:1
FNDA:6,(anonymous_0)
DA:2,2
DA:3,2
DA:5,2
DA:6,6
DA:7,6
DA:8,0
DA:10,6
LF:7
LH:6
BRDA:7,0,0,0
BRF:1
BRH:0
end_of_record
TN:
SF:src\hooks\useCheckForm.ts
FN:7,(anonymous_0)
FN:19,(anonymous_1)
FN:50,(anonymous_2)
FN:51,(anonymous_3)
FN:53,(anonymous_4)
FN:86,(anonymous_5)
FNF:6
FNH:6
FNDA:9,(anonymous_0)
FNDA:1,(anonymous_1)
FNDA:6,(anonymous_2)
FNDA:6,(anonymous_3)
FNDA:6,(anonymous_4)
FNDA:1,(anonymous_5)
DA:2,3
DA:7,3
DA:8,9
DA:15,9
DA:19,9
DA:20,1
DA:21,1
DA:23,1
DA:24,1
DA:25,1
DA:28,1
DA:29,1
DA:30,1
DA:33,1
DA:34,1
DA:35,1
DA:38,1
DA:39,1
DA:40,1
DA:44,1
DA:45,1
DA:50,9
DA:51,6
DA:53,6
DA:54,6
DA:55,6
DA:56,1
DA:57,5
DA:58,2
DA:61,6
DA:62,1
DA:63,5
DA:64,0
DA:67,6
DA:68,1
DA:69,5
DA:70,0
DA:73,6
DA:74,1
DA:75,5
DA:76,0
DA:79,6
DA:86,9
DA:87,1
DA:93,1
DA:96,9
LF:46
LH:43
BRDA:23,0,0,1
BRDA:23,1,0,1
BRDA:23,1,1,0
BRDA:28,2,0,1
BRDA:33,3,0,1
BRDA:38,4,0,1
BRDA:38,5,0,1
BRDA:38,5,1,1
BRDA:55,6,0,1
BRDA:55,6,1,5
BRDA:55,7,0,6
BRDA:55,7,1,3
BRDA:55,7,2,2
BRDA:57,8,0,2
BRDA:61,9,0,1
BRDA:61,9,1,5
BRDA:61,10,0,6
BRDA:61,10,1,1
BRDA:63,11,0,0
BRDA:67,12,0,1
BRDA:67,12,1,5
BRDA:67,13,0,6
BRDA:67,13,1,1
BRDA:69,14,0,0
BRDA:73,15,0,1
BRDA:73,15,1,5
BRDA:73,16,0,6
BRDA:73,16,1,1
BRDA:73,16,2,1
BRDA:75,17,0,0
BRF:30
BRH:26
end_of_record
TN:
SF:src\hooks\useDisctrict.ts
FN:5,(anonymous_0)
FN:8,(anonymous_1)
FN:9,(anonymous_2)
FNF:3
FNH:0
FNDA:0,(anonymous_0)
FNDA:0,(anonymous_1)
FNDA:0,(anonymous_2)
DA:3,2
DA:5,2
DA:6,0
DA:8,0
DA:9,0
DA:10,0
DA:11,0
DA:12,0
DA:13,0
DA:15,0
DA:16,0
DA:20,0
DA:23,0
LF:13
LH:2
BRF:0
BRH:0
end_of_record
TN:
SF:src\hooks\useProducts.ts
FN:6,(anonymous_0)
FN:18,(anonymous_1)
FN:30,(anonymous_2)
FN:35,(anonymous_3)
FN:40,(anonymous_4)
FN:44,(anonymous_5)
FN:47,(anonymous_6)
FN:49,(anonymous_7)
FN:55,(anonymous_8)
FN:56,(anonymous_9)
FN:60,(anonymous_10)
FN:68,(anonymous_11)
FNF:12
FNH:12
FNDA:25,(anonymous_0)
FNDA:12,(anonymous_1)
FNDA:12,(anonymous_2)
FNDA:1,(anonymous_3)
FNDA:2,(anonymous_4)
FNDA:1,(anonymous_5)
FNDA:2,(anonymous_6)
FNDA:5,(anonymous_7)
FNDA:1,(anonymous_8)
FNDA:2,(anonymous_9)
FNDA:2,(anonymous_10)
FNDA:2,(anonymous_11)
DA:2,3
DA:3,3
DA:4,3
DA:6,3
DA:7,25
DA:8,25
DA:9,25
DA:10,25
DA:11,25
DA:12,25
DA:13,25
DA:14,25
DA:18,25
DA:19,12
DA:20,12
DA:21,12
DA:22,8
DA:23,8
DA:25,0
DA:27,8
DA:30,25
DA:31,12
DA:35,25
DA:36,1
DA:37,1
DA:40,25
DA:41,2
DA:44,25
DA:45,1
DA:47,1
DA:48,2
DA:49,5
DA:50,1
DA:55,25
DA:56,2
DA:58,1
DA:60,1
DA:61,2
DA:63,1
DA:68,25
DA:69,2
DA:73,25
DA:91,3
LF:43
LH:42
BRDA:61,0,0,0
BRDA:61,0,1,2
BRF:2
BRH:1
end_of_record
TN:
SF:src\services\api.ts
FN:8,(anonymous_0)
FNF:1
FNH:1
FNDA:9,(anonymous_0)
DA:8,3
DA:9,9
DA:10,9
DA:11,4
DA:12,1
DA:14,3
DA:15,3
DA:18,2
DA:19,2
DA:25,3
LF:10
LH:10
BRDA:11,0,0,1
BRF:1
BRH:1
end_of_record
TN:
SF:src\services\__mock__\productsMock.ts
FNF:0
FNH:0
DA:3,1
LF:1
LH:1
BRF:0
BRH:0
end_of_record
TN:
SF:src\state\Categories.ts
FNF:0
FNH:0
DA:2,1
LF:1
LH:1
BRF:0
BRH:0
end_of_record
TN:
SF:src\state\ProductState.ts
FNF:0
FNH:0
DA:3,1
LF:1
LH:1
BRF:0
BRH:0
end_of_record
TN:
SF:src\utils\filterCategory.ts
FN:4,(anonymous_0)
FN:6,(anonymous_1)
FNF:2
FNH:2
FNDA:1,(anonymous_0)
FNDA:2,(anonymous_1)
DA:2,1
DA:4,1
DA:6,1
DA:7,2
LF:4
LH:4
BRF:0
BRH:0
end_of_record
